[0.016s] Invoking command in '/home/haixin/ws02_tools/build/cpp04_tf_listener': CMAKE_PREFIX_PATH=${CMAKE_PREFIX_PATH}:/opt/ros/jazzy /usr/bin/cmake /home/haixin/ws02_tools/src/cpp04_tf_listener -DCMAKE_EXPORT_COMPILE_COMMANDS=ON -DCMAKE_INSTALL_PREFIX=/home/haixin/ws02_tools/install/cpp04_tf_listener
[0.262s] -- The C compiler identification is GNU 13.3.0
[0.375s] -- The CXX compiler identification is GNU 13.3.0
[0.406s] -- Detecting C compiler ABI info
[0.582s] -- Detecting C compiler ABI info - done
[0.597s] -- Check for working C compiler: /usr/bin/cc - skipped
[0.599s] -- Detecting C compile features
[0.600s] -- Detecting C compile features - done
[0.617s] -- Detecting CXX compiler ABI info
[0.798s] -- Detecting CXX compiler ABI info - done
[0.814s] -- Check for working CXX compiler: /usr/bin/c++ - skipped
[0.814s] -- Detecting CXX compile features
[0.815s] -- Detecting CXX compile features - done
[0.819s] -- Found ament_cmake: 2.5.4 (/opt/ros/jazzy/share/ament_cmake/cmake)
[1.050s] -- Found Python3: /usr/bin/python3 (found version "3.12.3") found components: Interpreter 
[1.220s] -- Found rclcpp: 28.1.10 (/opt/ros/jazzy/share/rclcpp/cmake)
[1.279s] -- Found rosidl_generator_c: 4.6.5 (/opt/ros/jazzy/share/rosidl_generator_c/cmake)
[1.302s] -- Found rosidl_generator_cpp: 4.6.5 (/opt/ros/jazzy/share/rosidl_generator_cpp/cmake)
[1.329s] -- Using all available rosidl_typesupport_c: rosidl_typesupport_fastrtps_c;rosidl_typesupport_introspection_c
[1.359s] -- Using all available rosidl_typesupport_cpp: rosidl_typesupport_fastrtps_cpp;rosidl_typesupport_introspection_cpp
[1.476s] -- Found rmw_implementation_cmake: 7.3.2 (/opt/ros/jazzy/share/rmw_implementation_cmake/cmake)
[1.481s] -- Found rmw_fastrtps_cpp: 8.4.2 (/opt/ros/jazzy/share/rmw_fastrtps_cpp/cmake)
[1.620s] -- Found OpenSSL: /usr/lib/aarch64-linux-gnu/libcrypto.so (found version "3.0.13")  
[1.646s] -- Found FastRTPS: /opt/ros/jazzy/include (Required is at least version "2.13") 
[1.682s] -- Using RMW implementation 'rmw_fastrtps_cpp' as default
[1.786s] -- Found tf2: 0.36.12 (/opt/ros/jazzy/share/tf2/cmake)
[1.841s] -- Found tf2_ros: 0.36.12 (/opt/ros/jazzy/share/tf2_ros/cmake)
[2.017s] -- Found ament_lint_auto: 0.17.2 (/opt/ros/jazzy/share/ament_lint_auto/cmake)
[2.195s] -- Added test 'cppcheck' to perform static code analysis on C / C++ code
[2.195s] -- Configured cppcheck include dirs: $<BUILD_INTERFACE:/home/haixin/ws02_tools/src/cpp04_tf_listener/include>
[2.195s] -- Configured cppcheck exclude dirs and/or files: 
[2.196s] -- Added test 'lint_cmake' to check CMake code style
[2.198s] -- Added test 'uncrustify' to check C / C++ code style
[2.198s] -- Configured uncrustify additional arguments: 
[2.199s] -- Added test 'xmllint' to check XML markup files
[2.201s] -- Configuring done (2.2s)
[2.222s] -- Generating done (0.0s)
[2.230s] -- Build files have been written to: /home/haixin/ws02_tools/build/cpp04_tf_listener
[2.250s] Invoked command in '/home/haixin/ws02_tools/build/cpp04_tf_listener' returned '0': CMAKE_PREFIX_PATH=${CMAKE_PREFIX_PATH}:/opt/ros/jazzy /usr/bin/cmake /home/haixin/ws02_tools/src/cpp04_tf_listener -DCMAKE_EXPORT_COMPILE_COMMANDS=ON -DCMAKE_INSTALL_PREFIX=/home/haixin/ws02_tools/install/cpp04_tf_listener
[2.253s] Invoking command in '/home/haixin/ws02_tools/build/cpp04_tf_listener': CMAKE_PREFIX_PATH=${CMAKE_PREFIX_PATH}:/opt/ros/jazzy /usr/bin/cmake --build /home/haixin/ws02_tools/build/cpp04_tf_listener -- -j4 -l4
[2.338s] [ 50%] [32mBuilding CXX object CMakeFiles/demo01_tf_listener.dir/src/demo01_tf_listener.cpp.o[0m
[6.649s] [100%] [32m[1mLinking CXX executable demo01_tf_listener[0m
[6.899s] [100%] Built target demo01_tf_listener
[6.920s] Invoked command in '/home/haixin/ws02_tools/build/cpp04_tf_listener' returned '0': CMAKE_PREFIX_PATH=${CMAKE_PREFIX_PATH}:/opt/ros/jazzy /usr/bin/cmake --build /home/haixin/ws02_tools/build/cpp04_tf_listener -- -j4 -l4
[6.939s] Invoking command in '/home/haixin/ws02_tools/build/cpp04_tf_listener': CMAKE_PREFIX_PATH=${CMAKE_PREFIX_PATH}:/opt/ros/jazzy /usr/bin/cmake --install /home/haixin/ws02_tools/build/cpp04_tf_listener
[6.953s] -- Install configuration: ""
[6.953s] -- Installing: /home/haixin/ws02_tools/install/cpp04_tf_listener/lib/cpp04_tf_listener/demo01_tf_listener
[6.953s] -- Set non-toolchain portion of runtime path of "/home/haixin/ws02_tools/install/cpp04_tf_listener/lib/cpp04_tf_listener/demo01_tf_listener" to ""
[6.953s] -- Installing: /home/haixin/ws02_tools/install/cpp04_tf_listener/share/ament_index/resource_index/package_run_dependencies/cpp04_tf_listener
[6.954s] -- Installing: /home/haixin/ws02_tools/install/cpp04_tf_listener/share/ament_index/resource_index/parent_prefix_path/cpp04_tf_listener
[6.954s] -- Installing: /home/haixin/ws02_tools/install/cpp04_tf_listener/share/cpp04_tf_listener/environment/ament_prefix_path.sh
[6.955s] -- Installing: /home/haixin/ws02_tools/install/cpp04_tf_listener/share/cpp04_tf_listener/environment/ament_prefix_path.dsv
[6.955s] -- Installing: /home/haixin/ws02_tools/install/cpp04_tf_listener/share/cpp04_tf_listener/environment/path.sh
[6.955s] -- Installing: /home/haixin/ws02_tools/install/cpp04_tf_listener/share/cpp04_tf_listener/environment/path.dsv
[6.955s] -- Installing: /home/haixin/ws02_tools/install/cpp04_tf_listener/share/cpp04_tf_listener/local_setup.bash
[6.955s] -- Installing: /home/haixin/ws02_tools/install/cpp04_tf_listener/share/cpp04_tf_listener/local_setup.sh
[6.955s] -- Installing: /home/haixin/ws02_tools/install/cpp04_tf_listener/share/cpp04_tf_listener/local_setup.zsh
[6.956s] -- Installing: /home/haixin/ws02_tools/install/cpp04_tf_listener/share/cpp04_tf_listener/local_setup.dsv
[6.956s] -- Installing: /home/haixin/ws02_tools/install/cpp04_tf_listener/share/cpp04_tf_listener/package.dsv
[6.956s] -- Installing: /home/haixin/ws02_tools/install/cpp04_tf_listener/share/ament_index/resource_index/packages/cpp04_tf_listener
[6.956s] -- Installing: /home/haixin/ws02_tools/install/cpp04_tf_listener/share/cpp04_tf_listener/cmake/cpp04_tf_listenerConfig.cmake
[6.956s] -- Installing: /home/haixin/ws02_tools/install/cpp04_tf_listener/share/cpp04_tf_listener/cmake/cpp04_tf_listenerConfig-version.cmake
[6.957s] -- Installing: /home/haixin/ws02_tools/install/cpp04_tf_listener/share/cpp04_tf_listener/package.xml
[6.960s] Invoked command in '/home/haixin/ws02_tools/build/cpp04_tf_listener' returned '0': CMAKE_PREFIX_PATH=${CMAKE_PREFIX_PATH}:/opt/ros/jazzy /usr/bin/cmake --install /home/haixin/ws02_tools/build/cpp04_tf_listener
