[0.415s] DEBUG:colcon:Command line arguments: ['/usr/bin/colcon', 'build', '--packages-select', 'cpp02_rosbag', '--cmake-args', '-DCMAKE_EXPORT_COMPILE_COMMANDS=ON']
[0.415s] DEBUG:colcon:Parsed command line arguments: Namespace(log_base=None, log_level=None, verb_name='build', build_base='build', install_base='install', merge_install=False, symlink_install=False, test_result_base=None, continue_on_error=False, executor='parallel', parallel_workers=4, event_handlers=None, ignore_user_meta=False, metas=['./colcon.meta'], base_paths=['.'], packages_ignore=None, packages_ignore_regex=None, paths=None, packages_up_to=None, packages_up_to_regex=None, packages_above=None, packages_above_and_dependencies=None, packages_above_depth=None, packages_select_by_dep=None, packages_skip_by_dep=None, packages_skip_up_to=None, packages_select_build_failed=False, packages_skip_build_finished=False, packages_select_test_failures=False, packages_skip_test_passed=False, packages_select=['cpp02_rosbag'], packages_skip=None, packages_select_regex=None, packages_skip_regex=None, packages_start=None, packages_end=None, allow_overriding=[], cmake_args=['-DCMAKE_EXPORT_COMPILE_COMMANDS=ON'], cmake_target=None, cmake_target_skip_unavailable=False, cmake_clean_cache=False, cmake_clean_first=False, cmake_force_configure=False, ament_cmake_args=None, catkin_cmake_args=None, catkin_skip_building_tests=False, verb_parser=<colcon_defaults.argument_parser.defaults.DefaultArgumentsDecorator object at 0xffffa7b8c410>, verb_extension=<colcon_core.verb.build.BuildVerb object at 0xffffa855e780>, main=<bound method BuildVerb.main of <colcon_core.verb.build.BuildVerb object at 0xffffa855e780>>)
[0.541s] Level 1:colcon.colcon_core.package_discovery:discover_packages(colcon_meta) check parameters
[0.541s] Level 1:colcon.colcon_core.package_discovery:discover_packages(recursive) check parameters
[0.542s] Level 1:colcon.colcon_core.package_discovery:discover_packages(ignore) check parameters
[0.542s] Level 1:colcon.colcon_core.package_discovery:discover_packages(path) check parameters
[0.542s] Level 1:colcon.colcon_core.package_discovery:discover_packages(colcon_meta) discover
[0.542s] Level 1:colcon.colcon_core.package_discovery:discover_packages(recursive) discover
[0.542s] INFO:colcon.colcon_core.package_discovery:Crawling recursively for packages in '/home/haixin/ws02_tools'
[0.542s] Level 1:colcon.colcon_core.package_identification:_identify(.) by extensions ['ignore', 'ignore_ament_install']
[0.542s] Level 1:colcon.colcon_core.package_identification:_identify(.) by extension 'ignore'
[0.542s] Level 1:colcon.colcon_core.package_identification:_identify(.) by extension 'ignore_ament_install'
[0.542s] Level 1:colcon.colcon_core.package_identification:_identify(.) by extensions ['colcon_pkg']
[0.542s] Level 1:colcon.colcon_core.package_identification:_identify(.) by extension 'colcon_pkg'
[0.542s] Level 1:colcon.colcon_core.package_identification:_identify(.) by extensions ['colcon_meta']
[0.543s] Level 1:colcon.colcon_core.package_identification:_identify(.) by extension 'colcon_meta'
[0.543s] Level 1:colcon.colcon_core.package_identification:_identify(.) by extensions ['ros']
[0.543s] Level 1:colcon.colcon_core.package_identification:_identify(.) by extension 'ros'
[0.598s] Level 1:colcon.colcon_core.package_identification:_identify(.) by extensions ['cmake', 'python']
[0.598s] Level 1:colcon.colcon_core.package_identification:_identify(.) by extension 'cmake'
[0.598s] Level 1:colcon.colcon_core.package_identification:_identify(.) by extension 'python'
[0.598s] Level 1:colcon.colcon_core.package_identification:_identify(.) by extensions ['python_setup_py']
[0.598s] Level 1:colcon.colcon_core.package_identification:_identify(.) by extension 'python_setup_py'
[0.598s] Level 1:colcon.colcon_core.package_identification:_identify(build) by extensions ['ignore', 'ignore_ament_install']
[0.598s] Level 1:colcon.colcon_core.package_identification:_identify(build) by extension 'ignore'
[0.598s] Level 1:colcon.colcon_core.package_identification:_identify(build) ignored
[0.599s] Level 1:colcon.colcon_core.package_identification:_identify(install) by extensions ['ignore', 'ignore_ament_install']
[0.599s] Level 1:colcon.colcon_core.package_identification:_identify(install) by extension 'ignore'
[0.599s] Level 1:colcon.colcon_core.package_identification:_identify(install) ignored
[0.599s] Level 1:colcon.colcon_core.package_identification:_identify(log) by extensions ['ignore', 'ignore_ament_install']
[0.599s] Level 1:colcon.colcon_core.package_identification:_identify(log) by extension 'ignore'
[0.599s] Level 1:colcon.colcon_core.package_identification:_identify(log) ignored
[0.599s] Level 1:colcon.colcon_core.package_identification:_identify(src) by extensions ['ignore', 'ignore_ament_install']
[0.599s] Level 1:colcon.colcon_core.package_identification:_identify(src) by extension 'ignore'
[0.599s] Level 1:colcon.colcon_core.package_identification:_identify(src) by extension 'ignore_ament_install'
[0.599s] Level 1:colcon.colcon_core.package_identification:_identify(src) by extensions ['colcon_pkg']
[0.600s] Level 1:colcon.colcon_core.package_identification:_identify(src) by extension 'colcon_pkg'
[0.600s] Level 1:colcon.colcon_core.package_identification:_identify(src) by extensions ['colcon_meta']
[0.600s] Level 1:colcon.colcon_core.package_identification:_identify(src) by extension 'colcon_meta'
[0.600s] Level 1:colcon.colcon_core.package_identification:_identify(src) by extensions ['ros']
[0.600s] Level 1:colcon.colcon_core.package_identification:_identify(src) by extension 'ros'
[0.600s] Level 1:colcon.colcon_core.package_identification:_identify(src) by extensions ['cmake', 'python']
[0.600s] Level 1:colcon.colcon_core.package_identification:_identify(src) by extension 'cmake'
[0.600s] Level 1:colcon.colcon_core.package_identification:_identify(src) by extension 'python'
[0.600s] Level 1:colcon.colcon_core.package_identification:_identify(src) by extensions ['python_setup_py']
[0.600s] Level 1:colcon.colcon_core.package_identification:_identify(src) by extension 'python_setup_py'
[0.600s] Level 1:colcon.colcon_core.package_identification:_identify(src/cpp01_launch) by extensions ['ignore', 'ignore_ament_install']
[0.600s] Level 1:colcon.colcon_core.package_identification:_identify(src/cpp01_launch) by extension 'ignore'
[0.600s] Level 1:colcon.colcon_core.package_identification:_identify(src/cpp01_launch) by extension 'ignore_ament_install'
[0.600s] Level 1:colcon.colcon_core.package_identification:_identify(src/cpp01_launch) by extensions ['colcon_pkg']
[0.600s] Level 1:colcon.colcon_core.package_identification:_identify(src/cpp01_launch) by extension 'colcon_pkg'
[0.600s] Level 1:colcon.colcon_core.package_identification:_identify(src/cpp01_launch) by extensions ['colcon_meta']
[0.600s] Level 1:colcon.colcon_core.package_identification:_identify(src/cpp01_launch) by extension 'colcon_meta'
[0.601s] Level 1:colcon.colcon_core.package_identification:_identify(src/cpp01_launch) by extensions ['ros']
[0.601s] Level 1:colcon.colcon_core.package_identification:_identify(src/cpp01_launch) by extension 'ros'
[0.608s] DEBUG:colcon.colcon_core.package_identification:Package 'src/cpp01_launch' with type 'ros.ament_cmake' and name 'cpp01_launch'
[0.609s] Level 1:colcon.colcon_core.package_identification:_identify(src/cpp02_rosbag) by extensions ['ignore', 'ignore_ament_install']
[0.609s] Level 1:colcon.colcon_core.package_identification:_identify(src/cpp02_rosbag) by extension 'ignore'
[0.609s] Level 1:colcon.colcon_core.package_identification:_identify(src/cpp02_rosbag) by extension 'ignore_ament_install'
[0.609s] Level 1:colcon.colcon_core.package_identification:_identify(src/cpp02_rosbag) by extensions ['colcon_pkg']
[0.609s] Level 1:colcon.colcon_core.package_identification:_identify(src/cpp02_rosbag) by extension 'colcon_pkg'
[0.609s] Level 1:colcon.colcon_core.package_identification:_identify(src/cpp02_rosbag) by extensions ['colcon_meta']
[0.609s] Level 1:colcon.colcon_core.package_identification:_identify(src/cpp02_rosbag) by extension 'colcon_meta'
[0.609s] Level 1:colcon.colcon_core.package_identification:_identify(src/cpp02_rosbag) by extensions ['ros']
[0.609s] Level 1:colcon.colcon_core.package_identification:_identify(src/cpp02_rosbag) by extension 'ros'
[0.611s] DEBUG:colcon.colcon_core.package_identification:Package 'src/cpp02_rosbag' with type 'ros.ament_cmake' and name 'cpp02_rosbag'
[0.611s] Level 1:colcon.colcon_core.package_discovery:discover_packages(recursive) using defaults
[0.611s] Level 1:colcon.colcon_core.package_discovery:discover_packages(ignore) discover
[0.611s] Level 1:colcon.colcon_core.package_discovery:discover_packages(ignore) using defaults
[0.611s] Level 1:colcon.colcon_core.package_discovery:discover_packages(path) discover
[0.611s] Level 1:colcon.colcon_core.package_discovery:discover_packages(path) using defaults
[0.653s] INFO:colcon.colcon_core.package_selection:Skipping not selected package 'cpp01_launch' in 'src/cpp01_launch'
[0.654s] Level 1:colcon.colcon_core.package_discovery:discover_packages(prefix_path) check parameters
[0.654s] Level 1:colcon.colcon_core.package_discovery:discover_packages(prefix_path) discover
[0.660s] DEBUG:colcon.colcon_installed_package_information.package_discovery:Found 2 installed packages in /home/haixin/ws02_tools/install
[0.661s] DEBUG:colcon.colcon_installed_package_information.package_discovery:Found 9 installed packages in /home/haixin/ws01_plumbing/install
[0.663s] DEBUG:colcon.colcon_installed_package_information.package_discovery:Found 193 installed packages in /opt/ros/jazzy
[0.664s] Level 1:colcon.colcon_core.package_discovery:discover_packages(prefix_path) using defaults
[0.716s] Level 5:colcon.colcon_core.verb:set package 'cpp02_rosbag' build argument 'cmake_args' from command line to '['-DCMAKE_EXPORT_COMPILE_COMMANDS=ON']'
[0.716s] Level 5:colcon.colcon_core.verb:set package 'cpp02_rosbag' build argument 'cmake_target' from command line to 'None'
[0.716s] Level 5:colcon.colcon_core.verb:set package 'cpp02_rosbag' build argument 'cmake_target_skip_unavailable' from command line to 'False'
[0.716s] Level 5:colcon.colcon_core.verb:set package 'cpp02_rosbag' build argument 'cmake_clean_cache' from command line to 'False'
[0.716s] Level 5:colcon.colcon_core.verb:set package 'cpp02_rosbag' build argument 'cmake_clean_first' from command line to 'False'
[0.716s] Level 5:colcon.colcon_core.verb:set package 'cpp02_rosbag' build argument 'cmake_force_configure' from command line to 'False'
[0.716s] Level 5:colcon.colcon_core.verb:set package 'cpp02_rosbag' build argument 'ament_cmake_args' from command line to 'None'
[0.716s] Level 5:colcon.colcon_core.verb:set package 'cpp02_rosbag' build argument 'catkin_cmake_args' from command line to 'None'
[0.716s] Level 5:colcon.colcon_core.verb:set package 'cpp02_rosbag' build argument 'catkin_skip_building_tests' from command line to 'False'
[0.716s] DEBUG:colcon.colcon_core.verb:Building package 'cpp02_rosbag' with the following arguments: {'ament_cmake_args': None, 'build_base': '/home/haixin/ws02_tools/build/cpp02_rosbag', 'catkin_cmake_args': None, 'catkin_skip_building_tests': False, 'cmake_args': ['-DCMAKE_EXPORT_COMPILE_COMMANDS=ON'], 'cmake_clean_cache': False, 'cmake_clean_first': False, 'cmake_force_configure': False, 'cmake_target': None, 'cmake_target_skip_unavailable': False, 'install_base': '/home/haixin/ws02_tools/install/cpp02_rosbag', 'merge_install': False, 'path': '/home/haixin/ws02_tools/src/cpp02_rosbag', 'symlink_install': False, 'test_result_base': None}
[0.717s] INFO:colcon.colcon_core.executor:Executing jobs using 'parallel' executor
[0.718s] DEBUG:colcon.colcon_parallel_executor.executor.parallel:run_until_complete
[0.718s] INFO:colcon.colcon_ros.task.ament_cmake.build:Building ROS package in '/home/haixin/ws02_tools/src/cpp02_rosbag' with build type 'ament_cmake'
[0.718s] INFO:colcon.colcon_cmake.task.cmake.build:Building CMake package in '/home/haixin/ws02_tools/src/cpp02_rosbag'
[0.728s] INFO:colcon.colcon_core.plugin_system:Skipping extension 'colcon_core.shell.bat': Not used on non-Windows systems
[0.728s] INFO:colcon.colcon_core.shell:Skip shell extension 'powershell' for command environment: Not usable outside of PowerShell
[0.728s] DEBUG:colcon.colcon_core.shell:Skip shell extension 'dsv' for command environment
[0.747s] DEBUG:colcon.colcon_core.event_handler.log_command:Invoking command in '/home/haixin/ws02_tools/build/cpp02_rosbag': CMAKE_PREFIX_PATH=${CMAKE_PREFIX_PATH}:/opt/ros/jazzy /usr/bin/cmake --build /home/haixin/ws02_tools/build/cpp02_rosbag -- -j4 -l4
[7.960s] DEBUG:colcon.colcon_core.event_handler.log_command:Invoked command in '/home/haixin/ws02_tools/build/cpp02_rosbag' returned '0': CMAKE_PREFIX_PATH=${CMAKE_PREFIX_PATH}:/opt/ros/jazzy /usr/bin/cmake --build /home/haixin/ws02_tools/build/cpp02_rosbag -- -j4 -l4
[7.977s] DEBUG:colcon.colcon_core.event_handler.log_command:Invoking command in '/home/haixin/ws02_tools/build/cpp02_rosbag': CMAKE_PREFIX_PATH=${CMAKE_PREFIX_PATH}:/opt/ros/jazzy /usr/bin/cmake --install /home/haixin/ws02_tools/build/cpp02_rosbag
[7.999s] Level 1:colcon.colcon_core.environment:create_environment_scripts_only(cpp02_rosbag)
[7.999s] DEBUG:colcon.colcon_core.event_handler.log_command:Invoked command in '/home/haixin/ws02_tools/build/cpp02_rosbag' returned '0': CMAKE_PREFIX_PATH=${CMAKE_PREFIX_PATH}:/opt/ros/jazzy /usr/bin/cmake --install /home/haixin/ws02_tools/build/cpp02_rosbag
[8.010s] Level 1:colcon.colcon_core.environment:checking '/home/haixin/ws02_tools/install/cpp02_rosbag' for CMake module files
[8.011s] Level 1:colcon.colcon_core.environment:checking '/home/haixin/ws02_tools/install/cpp02_rosbag' for CMake config files
[8.012s] Level 1:colcon.colcon_core.shell:create_environment_hook('cpp02_rosbag', 'cmake_prefix_path')
[8.012s] INFO:colcon.colcon_core.shell:Creating environment hook '/home/haixin/ws02_tools/install/cpp02_rosbag/share/cpp02_rosbag/hook/cmake_prefix_path.ps1'
[8.014s] INFO:colcon.colcon_core.shell:Creating environment descriptor '/home/haixin/ws02_tools/install/cpp02_rosbag/share/cpp02_rosbag/hook/cmake_prefix_path.dsv'
[8.015s] INFO:colcon.colcon_core.shell:Creating environment hook '/home/haixin/ws02_tools/install/cpp02_rosbag/share/cpp02_rosbag/hook/cmake_prefix_path.sh'
[8.017s] Level 1:colcon.colcon_core.environment:checking '/home/haixin/ws02_tools/install/cpp02_rosbag/lib'
[8.017s] Level 1:colcon.colcon_core.environment:checking '/home/haixin/ws02_tools/install/cpp02_rosbag/bin'
[8.017s] Level 1:colcon.colcon_core.environment:checking '/home/haixin/ws02_tools/install/cpp02_rosbag/lib/pkgconfig/cpp02_rosbag.pc'
[8.018s] Level 1:colcon.colcon_core.environment:checking '/home/haixin/ws02_tools/install/cpp02_rosbag/lib/python3.12/site-packages'
[8.018s] Level 1:colcon.colcon_core.environment:checking '/home/haixin/ws02_tools/install/cpp02_rosbag/bin'
[8.018s] INFO:colcon.colcon_core.shell:Creating package script '/home/haixin/ws02_tools/install/cpp02_rosbag/share/cpp02_rosbag/package.ps1'
[8.020s] INFO:colcon.colcon_core.shell:Creating package descriptor '/home/haixin/ws02_tools/install/cpp02_rosbag/share/cpp02_rosbag/package.dsv'
[8.021s] INFO:colcon.colcon_core.shell:Creating package script '/home/haixin/ws02_tools/install/cpp02_rosbag/share/cpp02_rosbag/package.sh'
[8.023s] INFO:colcon.colcon_core.shell:Creating package script '/home/haixin/ws02_tools/install/cpp02_rosbag/share/cpp02_rosbag/package.bash'
[8.025s] INFO:colcon.colcon_core.shell:Creating package script '/home/haixin/ws02_tools/install/cpp02_rosbag/share/cpp02_rosbag/package.zsh'
[8.027s] Level 1:colcon.colcon_core.environment:create_file_with_runtime_dependencies(/home/haixin/ws02_tools/install/cpp02_rosbag/share/colcon-core/packages/cpp02_rosbag)
[8.028s] Level 1:colcon.colcon_core.environment:create_environment_scripts_only(cpp02_rosbag)
[8.029s] Level 1:colcon.colcon_core.environment:checking '/home/haixin/ws02_tools/install/cpp02_rosbag' for CMake module files
[8.029s] Level 1:colcon.colcon_core.environment:checking '/home/haixin/ws02_tools/install/cpp02_rosbag' for CMake config files
[8.030s] Level 1:colcon.colcon_core.shell:create_environment_hook('cpp02_rosbag', 'cmake_prefix_path')
[8.030s] INFO:colcon.colcon_core.shell:Creating environment hook '/home/haixin/ws02_tools/install/cpp02_rosbag/share/cpp02_rosbag/hook/cmake_prefix_path.ps1'
[8.030s] INFO:colcon.colcon_core.shell:Creating environment descriptor '/home/haixin/ws02_tools/install/cpp02_rosbag/share/cpp02_rosbag/hook/cmake_prefix_path.dsv'
[8.031s] INFO:colcon.colcon_core.shell:Creating environment hook '/home/haixin/ws02_tools/install/cpp02_rosbag/share/cpp02_rosbag/hook/cmake_prefix_path.sh'
[8.032s] Level 1:colcon.colcon_core.environment:checking '/home/haixin/ws02_tools/install/cpp02_rosbag/lib'
[8.032s] Level 1:colcon.colcon_core.environment:checking '/home/haixin/ws02_tools/install/cpp02_rosbag/bin'
[8.032s] Level 1:colcon.colcon_core.environment:checking '/home/haixin/ws02_tools/install/cpp02_rosbag/lib/pkgconfig/cpp02_rosbag.pc'
[8.033s] Level 1:colcon.colcon_core.environment:checking '/home/haixin/ws02_tools/install/cpp02_rosbag/lib/python3.12/site-packages'
[8.033s] Level 1:colcon.colcon_core.environment:checking '/home/haixin/ws02_tools/install/cpp02_rosbag/bin'
[8.033s] INFO:colcon.colcon_core.shell:Creating package script '/home/haixin/ws02_tools/install/cpp02_rosbag/share/cpp02_rosbag/package.ps1'
[8.034s] INFO:colcon.colcon_core.shell:Creating package descriptor '/home/haixin/ws02_tools/install/cpp02_rosbag/share/cpp02_rosbag/package.dsv'
[8.035s] INFO:colcon.colcon_core.shell:Creating package script '/home/haixin/ws02_tools/install/cpp02_rosbag/share/cpp02_rosbag/package.sh'
[8.037s] INFO:colcon.colcon_core.shell:Creating package script '/home/haixin/ws02_tools/install/cpp02_rosbag/share/cpp02_rosbag/package.bash'
[8.040s] INFO:colcon.colcon_core.shell:Creating package script '/home/haixin/ws02_tools/install/cpp02_rosbag/share/cpp02_rosbag/package.zsh'
[8.041s] Level 1:colcon.colcon_core.environment:create_file_with_runtime_dependencies(/home/haixin/ws02_tools/install/cpp02_rosbag/share/colcon-core/packages/cpp02_rosbag)
[8.043s] DEBUG:colcon.colcon_parallel_executor.executor.parallel:closing loop
[8.043s] DEBUG:colcon.colcon_parallel_executor.executor.parallel:loop closed
[8.044s] DEBUG:colcon.colcon_parallel_executor.executor.parallel:run_until_complete finished with '0'
[8.044s] DEBUG:colcon.colcon_core.event_reactor:joining thread
[8.060s] INFO:colcon.colcon_core.plugin_system:Skipping extension 'colcon_notification.desktop_notification.notify_send': Could not find 'notify-send'
[8.060s] INFO:colcon.colcon_core.plugin_system:Skipping extension 'colcon_notification.desktop_notification.terminal_notifier': Not used on non-Darwin systems
[8.060s] INFO:colcon.colcon_core.plugin_system:Skipping extension 'colcon_notification.desktop_notification.win32': Not used on non-Windows systems
[8.060s] INFO:colcon.colcon_notification.desktop_notification:Sending desktop notification using 'notify2'
[8.061s] DEBUG:colcon.colcon_notification.desktop_notification.notify2:Failed to initialize notify2: org.freedesktop.DBus.Error.ServiceUnknown: The name org.freedesktop.Notifications was not provided by any .service files
[8.061s] DEBUG:colcon.colcon_core.event_reactor:joined thread
[8.062s] INFO:colcon.colcon_core.shell:Creating prefix script '/home/haixin/ws02_tools/install/local_setup.ps1'
[8.063s] INFO:colcon.colcon_core.shell:Creating prefix util module '/home/haixin/ws02_tools/install/_local_setup_util_ps1.py'
[8.066s] INFO:colcon.colcon_core.shell:Creating prefix chain script '/home/haixin/ws02_tools/install/setup.ps1'
[8.069s] INFO:colcon.colcon_core.shell:Creating prefix script '/home/haixin/ws02_tools/install/local_setup.sh'
[8.071s] INFO:colcon.colcon_core.shell:Creating prefix util module '/home/haixin/ws02_tools/install/_local_setup_util_sh.py'
[8.072s] INFO:colcon.colcon_core.shell:Creating prefix chain script '/home/haixin/ws02_tools/install/setup.sh'
[8.074s] INFO:colcon.colcon_core.shell:Creating prefix script '/home/haixin/ws02_tools/install/local_setup.bash'
[8.076s] INFO:colcon.colcon_core.shell:Creating prefix chain script '/home/haixin/ws02_tools/install/setup.bash'
[8.078s] INFO:colcon.colcon_core.shell:Creating prefix script '/home/haixin/ws02_tools/install/local_setup.zsh'
[8.080s] INFO:colcon.colcon_core.shell:Creating prefix chain script '/home/haixin/ws02_tools/install/setup.zsh'
