[0.017s] Invoking command in '/home/haixin/ws02_tools/build/cpp03_tf_broadcaster': CMAKE_PREFIX_PATH=${CMAKE_PREFIX_PATH}:/opt/ros/jazzy /usr/bin/cmake /home/haixin/ws02_tools/src/cpp03_tf_broadcaster -DCMAKE_INSTALL_PREFIX=/home/haixin/ws02_tools/install/cpp03_tf_broadcaster
[0.039s] -- Found ament_cmake: 2.5.4 (/opt/ros/jazzy/share/ament_cmake/cmake)
[0.428s] -- Found rclcpp: 28.1.10 (/opt/ros/jazzy/share/rclcpp/cmake)
[0.461s] -- Found rosidl_generator_c: 4.6.5 (/opt/ros/jazzy/share/rosidl_generator_c/cmake)
[0.476s] -- Found rosidl_generator_cpp: 4.6.5 (/opt/ros/jazzy/share/rosidl_generator_cpp/cmake)
[0.496s] -- Using all available rosidl_typesupport_c: rosidl_typesupport_fastrtps_c;rosidl_typesupport_introspection_c
[0.519s] -- Using all available rosidl_typesupport_cpp: rosidl_typesupport_fastrtps_cpp;rosidl_typesupport_introspection_cpp
[0.618s] -- Found rmw_implementation_cmake: 7.3.2 (/opt/ros/jazzy/share/rmw_implementation_cmake/cmake)
[0.620s] -- Found rmw_fastrtps_cpp: 8.4.2 (/opt/ros/jazzy/share/rmw_fastrtps_cpp/cmake)
[0.708s] -- Using RMW implementation 'rmw_fastrtps_cpp' as default
[0.788s] -- Found tf2: 0.36.12 (/opt/ros/jazzy/share/tf2/cmake)
[0.832s] -- Found tf2_ros: 0.36.12 (/opt/ros/jazzy/share/tf2_ros/cmake)
[0.969s] -- Found turtlesim: 1.8.3 (/opt/ros/jazzy/share/turtlesim/cmake)
[1.004s] -- Found ament_lint_auto: 0.17.2 (/opt/ros/jazzy/share/ament_lint_auto/cmake)
[1.160s] -- Added test 'cppcheck' to perform static code analysis on C / C++ code
[1.161s] -- Configured cppcheck include dirs: $<BUILD_INTERFACE:/home/haixin/ws02_tools/src/cpp03_tf_broadcaster/include>
[1.161s] -- Configured cppcheck exclude dirs and/or files: 
[1.161s] -- Added test 'lint_cmake' to check CMake code style
[1.163s] -- Added test 'uncrustify' to check C / C++ code style
[1.163s] -- Configured uncrustify additional arguments: 
[1.163s] -- Added test 'xmllint' to check XML markup files
[1.165s] -- Configuring done (1.1s)
[1.209s] -- Generating done (0.0s)
[1.238s] -- Build files have been written to: /home/haixin/ws02_tools/build/cpp03_tf_broadcaster
[1.253s] Invoked command in '/home/haixin/ws02_tools/build/cpp03_tf_broadcaster' returned '0': CMAKE_PREFIX_PATH=${CMAKE_PREFIX_PATH}:/opt/ros/jazzy /usr/bin/cmake /home/haixin/ws02_tools/src/cpp03_tf_broadcaster -DCMAKE_INSTALL_PREFIX=/home/haixin/ws02_tools/install/cpp03_tf_broadcaster
[1.256s] Invoking command in '/home/haixin/ws02_tools/build/cpp03_tf_broadcaster': CMAKE_PREFIX_PATH=${CMAKE_PREFIX_PATH}:/opt/ros/jazzy /usr/bin/cmake --build /home/haixin/ws02_tools/build/cpp03_tf_broadcaster -- -j4 -l4
[1.360s] [ 50%] [32mBuilding CXX object CMakeFiles/demo03_point_tf_broadcaster.dir/src/demo03_point_tf_broadcaster.cpp.o[0m
[1.362s] [ 50%] Built target demo01_static_tf_broadcaster
[1.368s] [ 83%] Built target demo02_dynamic_tf_broadcaster
[7.607s] [100%] [32m[1mLinking CXX executable demo03_point_tf_broadcaster[0m
[8.009s] [100%] Built target demo03_point_tf_broadcaster
[8.030s] Invoked command in '/home/haixin/ws02_tools/build/cpp03_tf_broadcaster' returned '0': CMAKE_PREFIX_PATH=${CMAKE_PREFIX_PATH}:/opt/ros/jazzy /usr/bin/cmake --build /home/haixin/ws02_tools/build/cpp03_tf_broadcaster -- -j4 -l4
[8.048s] Invoking command in '/home/haixin/ws02_tools/build/cpp03_tf_broadcaster': CMAKE_PREFIX_PATH=${CMAKE_PREFIX_PATH}:/opt/ros/jazzy /usr/bin/cmake --install /home/haixin/ws02_tools/build/cpp03_tf_broadcaster
[8.062s] -- Install configuration: ""
[8.063s] -- Up-to-date: /home/haixin/ws02_tools/install/cpp03_tf_broadcaster/lib/cpp03_tf_broadcaster/demo01_static_tf_broadcaster
[8.064s] -- Up-to-date: /home/haixin/ws02_tools/install/cpp03_tf_broadcaster/lib/cpp03_tf_broadcaster/demo02_dynamic_tf_broadcaster
[8.064s] -- Installing: /home/haixin/ws02_tools/install/cpp03_tf_broadcaster/lib/cpp03_tf_broadcaster/demo03_point_tf_broadcaster
[8.068s] -- Set non-toolchain portion of runtime path of "/home/haixin/ws02_tools/install/cpp03_tf_broadcaster/lib/cpp03_tf_broadcaster/demo03_point_tf_broadcaster" to ""
[8.068s] -- Up-to-date: /home/haixin/ws02_tools/install/cpp03_tf_broadcaster/share/ament_index/resource_index/package_run_dependencies/cpp03_tf_broadcaster
[8.068s] -- Up-to-date: /home/haixin/ws02_tools/install/cpp03_tf_broadcaster/share/ament_index/resource_index/parent_prefix_path/cpp03_tf_broadcaster
[8.068s] -- Up-to-date: /home/haixin/ws02_tools/install/cpp03_tf_broadcaster/share/cpp03_tf_broadcaster/environment/ament_prefix_path.sh
[8.068s] -- Up-to-date: /home/haixin/ws02_tools/install/cpp03_tf_broadcaster/share/cpp03_tf_broadcaster/environment/ament_prefix_path.dsv
[8.068s] -- Up-to-date: /home/haixin/ws02_tools/install/cpp03_tf_broadcaster/share/cpp03_tf_broadcaster/environment/path.sh
[8.068s] -- Up-to-date: /home/haixin/ws02_tools/install/cpp03_tf_broadcaster/share/cpp03_tf_broadcaster/environment/path.dsv
[8.069s] -- Up-to-date: /home/haixin/ws02_tools/install/cpp03_tf_broadcaster/share/cpp03_tf_broadcaster/local_setup.bash
[8.069s] -- Up-to-date: /home/haixin/ws02_tools/install/cpp03_tf_broadcaster/share/cpp03_tf_broadcaster/local_setup.sh
[8.069s] -- Up-to-date: /home/haixin/ws02_tools/install/cpp03_tf_broadcaster/share/cpp03_tf_broadcaster/local_setup.zsh
[8.069s] -- Up-to-date: /home/haixin/ws02_tools/install/cpp03_tf_broadcaster/share/cpp03_tf_broadcaster/local_setup.dsv
[8.069s] -- Installing: /home/haixin/ws02_tools/install/cpp03_tf_broadcaster/share/cpp03_tf_broadcaster/package.dsv
[8.069s] -- Up-to-date: /home/haixin/ws02_tools/install/cpp03_tf_broadcaster/share/ament_index/resource_index/packages/cpp03_tf_broadcaster
[8.069s] -- Up-to-date: /home/haixin/ws02_tools/install/cpp03_tf_broadcaster/share/cpp03_tf_broadcaster/cmake/cpp03_tf_broadcasterConfig.cmake
[8.070s] -- Up-to-date: /home/haixin/ws02_tools/install/cpp03_tf_broadcaster/share/cpp03_tf_broadcaster/cmake/cpp03_tf_broadcasterConfig-version.cmake
[8.070s] -- Up-to-date: /home/haixin/ws02_tools/install/cpp03_tf_broadcaster/share/cpp03_tf_broadcaster/package.xml
[8.071s] Invoked command in '/home/haixin/ws02_tools/build/cpp03_tf_broadcaster' returned '0': CMAKE_PREFIX_PATH=${CMAKE_PREFIX_PATH}:/opt/ros/jazzy /usr/bin/cmake --install /home/haixin/ws02_tools/build/cpp03_tf_broadcaster
