[0.024s] Invoking command in '/home/haixin/ws02_tools/build/cpp02_rosbag': CMAKE_PREFIX_PATH=${CMAKE_PREFIX_PATH}:/opt/ros/jazzy /usr/bin/cmake /home/haixin/ws02_tools/src/cpp02_rosbag -DCMAKE_EXPORT_COMPILE_COMMANDS=ON -DCMAKE_INSTALL_PREFIX=/home/haixin/ws02_tools/install/cpp02_rosbag
[0.458s] -- The C compiler identification is GNU 13.3.0
[0.718s] -- The CXX compiler identification is GNU 13.3.0
[0.759s] -- Detecting C compiler ABI info
[0.946s] -- Detecting C compiler ABI info - done
[0.962s] -- Check for working C compiler: /usr/bin/cc - skipped
[0.963s] -- Detecting C compile features
[0.964s] -- Detecting C compile features - done
[0.981s] -- Detecting CXX compiler ABI info
[1.159s] -- Detecting CXX compiler ABI info - done
[1.175s] -- Check for working CXX compiler: /usr/bin/c++ - skipped
[1.175s] -- Detecting CXX compile features
[1.176s] -- Detecting CXX compile features - done
[1.182s] -- Found ament_cmake: 2.5.4 (/opt/ros/jazzy/share/ament_cmake/cmake)
[1.418s] -- Found Python3: /usr/bin/python3 (found version "3.12.3") found components: Interpreter 
[1.635s] -- Found rclcpp: 28.1.10 (/opt/ros/jazzy/share/rclcpp/cmake)
[1.727s] -- Found rosidl_generator_c: 4.6.5 (/opt/ros/jazzy/share/rosidl_generator_c/cmake)
[1.757s] -- Found rosidl_generator_cpp: 4.6.5 (/opt/ros/jazzy/share/rosidl_generator_cpp/cmake)
[1.797s] -- Using all available rosidl_typesupport_c: rosidl_typesupport_fastrtps_c;rosidl_typesupport_introspection_c
[1.838s] -- Using all available rosidl_typesupport_cpp: rosidl_typesupport_fastrtps_cpp;rosidl_typesupport_introspection_cpp
[2.002s] -- Found rmw_implementation_cmake: 7.3.2 (/opt/ros/jazzy/share/rmw_implementation_cmake/cmake)
[2.011s] -- Found rmw_fastrtps_cpp: 8.4.2 (/opt/ros/jazzy/share/rmw_fastrtps_cpp/cmake)
[2.180s] -- Found OpenSSL: /usr/lib/aarch64-linux-gnu/libcrypto.so (found version "3.0.13")  
[2.206s] -- Found FastRTPS: /opt/ros/jazzy/include (Required is at least version "2.13") 
[2.241s] -- Using RMW implementation 'rmw_fastrtps_cpp' as default
[2.388s] -- Found rosbag2_cpp: 0.26.7 (/opt/ros/jazzy/share/rosbag2_cpp/cmake)
[2.449s] -- Setting yaml-cpp_DIR to: '/opt/ros/jazzy/share/yaml_cpp_vendor/cmake/../../../opt/yaml_cpp_vendor/share/cmake/yaml-cpp'
[2.456s] -- Found geometry_msgs: 5.3.6 (/opt/ros/jazzy/share/geometry_msgs/cmake)
[2.526s] -- Found ament_lint_auto: 0.17.2 (/opt/ros/jazzy/share/ament_lint_auto/cmake)
[2.720s] -- Added test 'cppcheck' to perform static code analysis on C / C++ code
[2.721s] -- Configured cppcheck include dirs: $<BUILD_INTERFACE:/home/haixin/ws02_tools/src/cpp02_rosbag/include>
[2.721s] -- Configured cppcheck exclude dirs and/or files: 
[2.723s] -- Added test 'lint_cmake' to check CMake code style
[2.726s] -- Added test 'uncrustify' to check C / C++ code style
[2.726s] -- Configured uncrustify additional arguments: 
[2.727s] -- Added test 'xmllint' to check XML markup files
[2.731s] -- Configuring done (2.6s)
[2.751s] -- Generating done (0.0s)
[2.757s] -- Build files have been written to: /home/haixin/ws02_tools/build/cpp02_rosbag
[2.776s] Invoked command in '/home/haixin/ws02_tools/build/cpp02_rosbag' returned '0': CMAKE_PREFIX_PATH=${CMAKE_PREFIX_PATH}:/opt/ros/jazzy /usr/bin/cmake /home/haixin/ws02_tools/src/cpp02_rosbag -DCMAKE_EXPORT_COMPILE_COMMANDS=ON -DCMAKE_INSTALL_PREFIX=/home/haixin/ws02_tools/install/cpp02_rosbag
[2.778s] Invoking command in '/home/haixin/ws02_tools/build/cpp02_rosbag': CMAKE_PREFIX_PATH=${CMAKE_PREFIX_PATH}:/opt/ros/jazzy /usr/bin/cmake --build /home/haixin/ws02_tools/build/cpp02_rosbag -- -j4 -l4
[2.864s] [ 50%] [32mBuilding CXX object CMakeFiles/demo01_writer.dir/src/demo01_writer.cpp.o[0m
[2.943s] [100%] [32m[1mLinking CXX executable demo01_writer[0m
[3.339s] [100%] Built target demo01_writer
[3.360s] Invoked command in '/home/haixin/ws02_tools/build/cpp02_rosbag' returned '0': CMAKE_PREFIX_PATH=${CMAKE_PREFIX_PATH}:/opt/ros/jazzy /usr/bin/cmake --build /home/haixin/ws02_tools/build/cpp02_rosbag -- -j4 -l4
[3.379s] Invoking command in '/home/haixin/ws02_tools/build/cpp02_rosbag': CMAKE_PREFIX_PATH=${CMAKE_PREFIX_PATH}:/opt/ros/jazzy /usr/bin/cmake --install /home/haixin/ws02_tools/build/cpp02_rosbag
[3.392s] -- Install configuration: ""
[3.392s] -- Installing: /home/haixin/ws02_tools/install/cpp02_rosbag/lib/cpp02_rosbag/demo01_writer
[3.393s] -- Set non-toolchain portion of runtime path of "/home/haixin/ws02_tools/install/cpp02_rosbag/lib/cpp02_rosbag/demo01_writer" to ""
[3.393s] -- Installing: /home/haixin/ws02_tools/install/cpp02_rosbag/share/ament_index/resource_index/package_run_dependencies/cpp02_rosbag
[3.394s] -- Installing: /home/haixin/ws02_tools/install/cpp02_rosbag/share/ament_index/resource_index/parent_prefix_path/cpp02_rosbag
[3.394s] -- Installing: /home/haixin/ws02_tools/install/cpp02_rosbag/share/cpp02_rosbag/environment/ament_prefix_path.sh
[3.394s] -- Installing: /home/haixin/ws02_tools/install/cpp02_rosbag/share/cpp02_rosbag/environment/ament_prefix_path.dsv
[3.394s] -- Installing: /home/haixin/ws02_tools/install/cpp02_rosbag/share/cpp02_rosbag/environment/path.sh
[3.394s] -- Installing: /home/haixin/ws02_tools/install/cpp02_rosbag/share/cpp02_rosbag/environment/path.dsv
[3.395s] -- Installing: /home/haixin/ws02_tools/install/cpp02_rosbag/share/cpp02_rosbag/local_setup.bash
[3.395s] -- Installing: /home/haixin/ws02_tools/install/cpp02_rosbag/share/cpp02_rosbag/local_setup.sh
[3.395s] -- Installing: /home/haixin/ws02_tools/install/cpp02_rosbag/share/cpp02_rosbag/local_setup.zsh
[3.395s] -- Installing: /home/haixin/ws02_tools/install/cpp02_rosbag/share/cpp02_rosbag/local_setup.dsv
[3.395s] -- Installing: /home/haixin/ws02_tools/install/cpp02_rosbag/share/cpp02_rosbag/package.dsv
[3.396s] -- Installing: /home/haixin/ws02_tools/install/cpp02_rosbag/share/ament_index/resource_index/packages/cpp02_rosbag
[3.396s] -- Installing: /home/haixin/ws02_tools/install/cpp02_rosbag/share/cpp02_rosbag/cmake/cpp02_rosbagConfig.cmake
[3.396s] -- Installing: /home/haixin/ws02_tools/install/cpp02_rosbag/share/cpp02_rosbag/cmake/cpp02_rosbagConfig-version.cmake
[3.396s] -- Installing: /home/haixin/ws02_tools/install/cpp02_rosbag/share/cpp02_rosbag/package.xml
[3.400s] Invoked command in '/home/haixin/ws02_tools/build/cpp02_rosbag' returned '0': CMAKE_PREFIX_PATH=${CMAKE_PREFIX_PATH}:/opt/ros/jazzy /usr/bin/cmake --install /home/haixin/ws02_tools/build/cpp02_rosbag
