[0.023s] Invoking command in '/home/haixin/ws02_tools/build/cpp01_launch': CMAKE_PREFIX_PATH=${CMAKE_PREFIX_PATH}:/opt/ros/jazzy /usr/bin/cmake --build /home/haixin/ws02_tools/build/cpp01_launch -- -j4 -l4
[0.312s] -- Found ament_cmake: 2.5.4 (/opt/ros/jazzy/share/ament_cmake/cmake)
[0.724s] -- Found rclcpp: 28.1.10 (/opt/ros/jazzy/share/rclcpp/cmake)
[0.805s] -- Found rosidl_generator_c: 4.6.5 (/opt/ros/jazzy/share/rosidl_generator_c/cmake)
[0.832s] -- Found rosidl_generator_cpp: 4.6.5 (/opt/ros/jazzy/share/rosidl_generator_cpp/cmake)
[0.870s] -- Using all available rosidl_typesupport_c: rosidl_typesupport_fastrtps_c;rosidl_typesupport_introspection_c
[0.909s] -- Using all available rosidl_typesupport_cpp: rosidl_typesupport_fastrtps_cpp;rosidl_typesupport_introspection_cpp
[1.066s] -- Found rmw_implementation_cmake: 7.3.2 (/opt/ros/jazzy/share/rmw_implementation_cmake/cmake)
[1.074s] -- Found rmw_fastrtps_cpp: 8.4.2 (/opt/ros/jazzy/share/rmw_fastrtps_cpp/cmake)
[1.214s] -- Using RMW implementation 'rmw_fastrtps_cpp' as default
[1.373s] -- Found ament_lint_auto: 0.17.2 (/opt/ros/jazzy/share/ament_lint_auto/cmake)
[1.566s] -- Added test 'flake8' to check Python code syntax and style conventions
[1.566s] -- Configured 'flake8' exclude dirs and/or files: 
[1.568s] -- Added test 'lint_cmake' to check CMake code style
[1.569s] -- Added test 'pep257' to check Python code against some of the docstring style conventions in PEP 257
[1.573s] -- Added test 'xmllint' to check XML markup files
[1.577s] -- Configuring done (1.3s)
[1.609s] -- Generating done (0.0s)
[1.622s] -- Build files have been written to: /home/haixin/ws02_tools/build/cpp01_launch
[1.679s] Invoked command in '/home/haixin/ws02_tools/build/cpp01_launch' returned '0': CMAKE_PREFIX_PATH=${CMAKE_PREFIX_PATH}:/opt/ros/jazzy /usr/bin/cmake --build /home/haixin/ws02_tools/build/cpp01_launch -- -j4 -l4
[1.696s] Invoking command in '/home/haixin/ws02_tools/build/cpp01_launch': CMAKE_PREFIX_PATH=${CMAKE_PREFIX_PATH}:/opt/ros/jazzy /usr/bin/cmake --install /home/haixin/ws02_tools/build/cpp01_launch
[1.710s] -- Install configuration: ""
[1.711s] -- Up-to-date: /home/haixin/ws02_tools/install/cpp01_launch/share/cpp01_launch/launch
[1.711s] -- Up-to-date: /home/haixin/ws02_tools/install/cpp01_launch/share/cpp01_launch/launch/py
[1.711s] -- Up-to-date: /home/haixin/ws02_tools/install/cpp01_launch/share/cpp01_launch/launch/py/py01_helloworld_launch.py
[1.711s] -- Installing: /home/haixin/ws02_tools/install/cpp01_launch/share/cpp01_launch/launch/py/py02_node_launch.py
[1.711s] -- Up-to-date: /home/haixin/ws02_tools/install/cpp01_launch/share/cpp01_launch/launch/yaml
[1.712s] -- Installing: /home/haixin/ws02_tools/install/cpp01_launch/share/cpp01_launch/launch/yaml/yaml01_helloworld_launch.yaml
[1.712s] -- Up-to-date: /home/haixin/ws02_tools/install/cpp01_launch/share/cpp01_launch/launch/xml
[1.712s] -- Installing: /home/haixin/ws02_tools/install/cpp01_launch/share/cpp01_launch/launch/xml/xml01_helloworld_launch.xml
[1.713s] -- Installing: /home/haixin/ws02_tools/install/cpp01_launch/share/cpp01_launch/config
[1.713s] -- Installing: /home/haixin/ws02_tools/install/cpp01_launch/share/ament_index/resource_index/package_run_dependencies/cpp01_launch
[1.713s] -- Installing: /home/haixin/ws02_tools/install/cpp01_launch/share/ament_index/resource_index/parent_prefix_path/cpp01_launch
[1.713s] -- Up-to-date: /home/haixin/ws02_tools/install/cpp01_launch/share/cpp01_launch/environment/ament_prefix_path.sh
[1.713s] -- Up-to-date: /home/haixin/ws02_tools/install/cpp01_launch/share/cpp01_launch/environment/ament_prefix_path.dsv
[1.714s] -- Up-to-date: /home/haixin/ws02_tools/install/cpp01_launch/share/cpp01_launch/environment/path.sh
[1.714s] -- Up-to-date: /home/haixin/ws02_tools/install/cpp01_launch/share/cpp01_launch/environment/path.dsv
[1.714s] -- Up-to-date: /home/haixin/ws02_tools/install/cpp01_launch/share/cpp01_launch/local_setup.bash
[1.714s] -- Up-to-date: /home/haixin/ws02_tools/install/cpp01_launch/share/cpp01_launch/local_setup.sh
[1.714s] -- Up-to-date: /home/haixin/ws02_tools/install/cpp01_launch/share/cpp01_launch/local_setup.zsh
[1.714s] -- Up-to-date: /home/haixin/ws02_tools/install/cpp01_launch/share/cpp01_launch/local_setup.dsv
[1.714s] -- Installing: /home/haixin/ws02_tools/install/cpp01_launch/share/cpp01_launch/package.dsv
[1.714s] -- Up-to-date: /home/haixin/ws02_tools/install/cpp01_launch/share/ament_index/resource_index/packages/cpp01_launch
[1.714s] -- Up-to-date: /home/haixin/ws02_tools/install/cpp01_launch/share/cpp01_launch/cmake/cpp01_launchConfig.cmake
[1.714s] -- Up-to-date: /home/haixin/ws02_tools/install/cpp01_launch/share/cpp01_launch/cmake/cpp01_launchConfig-version.cmake
[1.715s] -- Installing: /home/haixin/ws02_tools/install/cpp01_launch/share/cpp01_launch/package.xml
[1.718s] Invoked command in '/home/haixin/ws02_tools/build/cpp01_launch' returned '0': CMAKE_PREFIX_PATH=${CMAKE_PREFIX_PATH}:/opt/ros/jazzy /usr/bin/cmake --install /home/haixin/ws02_tools/build/cpp01_launch
