[0.017s] Invoking command in '/home/haixin/ws02_tools/build/cpp02_rosbag': CMAKE_PREFIX_PATH=${CMAKE_PREFIX_PATH}:/opt/ros/jazzy /usr/bin/cmake /home/haixin/ws02_tools/src/cpp02_rosbag -DCMAKE_INSTALL_PREFIX=/home/haixin/ws02_tools/install/cpp02_rosbag
[0.040s] -- Found ament_cmake: 2.5.4 (/opt/ros/jazzy/share/ament_cmake/cmake)
[0.421s] -- Found rclcpp: 28.1.10 (/opt/ros/jazzy/share/rclcpp/cmake)
[0.453s] -- Found rosidl_generator_c: 4.6.5 (/opt/ros/jazzy/share/rosidl_generator_c/cmake)
[0.465s] -- Found rosidl_generator_cpp: 4.6.5 (/opt/ros/jazzy/share/rosidl_generator_cpp/cmake)
[0.482s] -- Using all available rosidl_typesupport_c: rosidl_typesupport_fastrtps_c;rosidl_typesupport_introspection_c
[0.501s] -- Using all available rosidl_typesupport_cpp: rosidl_typesupport_fastrtps_cpp;rosidl_typesupport_introspection_cpp
[0.584s] -- Found rmw_implementation_cmake: 7.3.2 (/opt/ros/jazzy/share/rmw_implementation_cmake/cmake)
[0.586s] -- Found rmw_fastrtps_cpp: 8.4.2 (/opt/ros/jazzy/share/rmw_fastrtps_cpp/cmake)
[0.676s] -- Using RMW implementation 'rmw_fastrtps_cpp' as default
[0.756s] -- Found rosbag2_cpp: 0.26.7 (/opt/ros/jazzy/share/rosbag2_cpp/cmake)
[0.773s] -- Setting yaml-cpp_DIR to: '/opt/ros/jazzy/share/yaml_cpp_vendor/cmake/../../../opt/yaml_cpp_vendor/share/cmake/yaml-cpp'
[0.776s] -- Found geometry_msgs: 5.3.6 (/opt/ros/jazzy/share/geometry_msgs/cmake)
[0.820s] -- Found ament_lint_auto: 0.17.2 (/opt/ros/jazzy/share/ament_lint_auto/cmake)
[1.002s] -- Added test 'cppcheck' to perform static code analysis on C / C++ code
[1.002s] -- Configured cppcheck include dirs: $<BUILD_INTERFACE:/home/haixin/ws02_tools/src/cpp02_rosbag/include>
[1.002s] -- Configured cppcheck exclude dirs and/or files: 
[1.003s] -- Added test 'lint_cmake' to check CMake code style
[1.004s] -- Added test 'uncrustify' to check C / C++ code style
[1.004s] -- Configured uncrustify additional arguments: 
[1.004s] -- Added test 'xmllint' to check XML markup files
[1.006s] -- Configuring done (1.0s)
[1.037s] -- Generating done (0.0s)
[1.062s] -- Build files have been written to: /home/haixin/ws02_tools/build/cpp02_rosbag
[1.077s] Invoked command in '/home/haixin/ws02_tools/build/cpp02_rosbag' returned '0': CMAKE_PREFIX_PATH=${CMAKE_PREFIX_PATH}:/opt/ros/jazzy /usr/bin/cmake /home/haixin/ws02_tools/src/cpp02_rosbag -DCMAKE_INSTALL_PREFIX=/home/haixin/ws02_tools/install/cpp02_rosbag
[1.080s] Invoking command in '/home/haixin/ws02_tools/build/cpp02_rosbag': CMAKE_PREFIX_PATH=${CMAKE_PREFIX_PATH}:/opt/ros/jazzy /usr/bin/cmake --build /home/haixin/ws02_tools/build/cpp02_rosbag -- -j4 -l4
[1.187s] [ 25%] [32mBuilding CXX object CMakeFiles/demo01_writer.dir/src/demo01_writer.cpp.o[0m
[1.190s] [ 50%] [32mBuilding CXX object CMakeFiles/demo02_reader.dir/src/demo02_reader.cpp.o[0m
[5.946s] [ 75%] [32m[1mLinking CXX executable demo02_reader[0m
[6.219s] [ 75%] Built target demo02_reader
[6.318s] [100%] [32m[1mLinking CXX executable demo01_writer[0m
[6.564s] [100%] Built target demo01_writer
[6.585s] Invoked command in '/home/haixin/ws02_tools/build/cpp02_rosbag' returned '0': CMAKE_PREFIX_PATH=${CMAKE_PREFIX_PATH}:/opt/ros/jazzy /usr/bin/cmake --build /home/haixin/ws02_tools/build/cpp02_rosbag -- -j4 -l4
[6.604s] Invoking command in '/home/haixin/ws02_tools/build/cpp02_rosbag': CMAKE_PREFIX_PATH=${CMAKE_PREFIX_PATH}:/opt/ros/jazzy /usr/bin/cmake --install /home/haixin/ws02_tools/build/cpp02_rosbag
[6.617s] -- Install configuration: ""
[6.617s] -- Installing: /home/haixin/ws02_tools/install/cpp02_rosbag/lib/cpp02_rosbag/demo01_writer
[6.618s] -- Set non-toolchain portion of runtime path of "/home/haixin/ws02_tools/install/cpp02_rosbag/lib/cpp02_rosbag/demo01_writer" to ""
[6.618s] -- Installing: /home/haixin/ws02_tools/install/cpp02_rosbag/lib/cpp02_rosbag/demo02_reader
[6.619s] -- Set non-toolchain portion of runtime path of "/home/haixin/ws02_tools/install/cpp02_rosbag/lib/cpp02_rosbag/demo02_reader" to ""
[6.619s] -- Up-to-date: /home/haixin/ws02_tools/install/cpp02_rosbag/share/ament_index/resource_index/package_run_dependencies/cpp02_rosbag
[6.619s] -- Up-to-date: /home/haixin/ws02_tools/install/cpp02_rosbag/share/ament_index/resource_index/parent_prefix_path/cpp02_rosbag
[6.619s] -- Up-to-date: /home/haixin/ws02_tools/install/cpp02_rosbag/share/cpp02_rosbag/environment/ament_prefix_path.sh
[6.619s] -- Up-to-date: /home/haixin/ws02_tools/install/cpp02_rosbag/share/cpp02_rosbag/environment/ament_prefix_path.dsv
[6.619s] -- Up-to-date: /home/haixin/ws02_tools/install/cpp02_rosbag/share/cpp02_rosbag/environment/path.sh
[6.620s] -- Up-to-date: /home/haixin/ws02_tools/install/cpp02_rosbag/share/cpp02_rosbag/environment/path.dsv
[6.620s] -- Up-to-date: /home/haixin/ws02_tools/install/cpp02_rosbag/share/cpp02_rosbag/local_setup.bash
[6.620s] -- Up-to-date: /home/haixin/ws02_tools/install/cpp02_rosbag/share/cpp02_rosbag/local_setup.sh
[6.620s] -- Up-to-date: /home/haixin/ws02_tools/install/cpp02_rosbag/share/cpp02_rosbag/local_setup.zsh
[6.620s] -- Up-to-date: /home/haixin/ws02_tools/install/cpp02_rosbag/share/cpp02_rosbag/local_setup.dsv
[6.620s] -- Installing: /home/haixin/ws02_tools/install/cpp02_rosbag/share/cpp02_rosbag/package.dsv
[6.620s] -- Up-to-date: /home/haixin/ws02_tools/install/cpp02_rosbag/share/ament_index/resource_index/packages/cpp02_rosbag
[6.620s] -- Up-to-date: /home/haixin/ws02_tools/install/cpp02_rosbag/share/cpp02_rosbag/cmake/cpp02_rosbagConfig.cmake
[6.620s] -- Up-to-date: /home/haixin/ws02_tools/install/cpp02_rosbag/share/cpp02_rosbag/cmake/cpp02_rosbagConfig-version.cmake
[6.620s] -- Up-to-date: /home/haixin/ws02_tools/install/cpp02_rosbag/share/cpp02_rosbag/package.xml
[6.624s] Invoked command in '/home/haixin/ws02_tools/build/cpp02_rosbag' returned '0': CMAKE_PREFIX_PATH=${CMAKE_PREFIX_PATH}:/opt/ros/jazzy /usr/bin/cmake --install /home/haixin/ws02_tools/build/cpp02_rosbag
