[0.032s] Invoking command in '/home/haixin/ws02_tools/build/cpp04_tf_listener': CMAKE_PREFIX_PATH=${CMAKE_PREFIX_PATH}:/opt/ros/jazzy /usr/bin/cmake --build /home/haixin/ws02_tools/build/cpp04_tf_listener -- -j4 -l4
[0.319s] -- Found ament_cmake: 2.5.4 (/opt/ros/jazzy/share/ament_cmake/cmake)
[0.720s] -- Found rclcpp: 28.1.10 (/opt/ros/jazzy/share/rclcpp/cmake)
[0.786s] -- Found rosidl_generator_c: 4.6.5 (/opt/ros/jazzy/share/rosidl_generator_c/cmake)
[0.807s] -- Found rosidl_generator_cpp: 4.6.5 (/opt/ros/jazzy/share/rosidl_generator_cpp/cmake)
[0.837s] -- Using all available rosidl_typesupport_c: rosidl_typesupport_fastrtps_c;rosidl_typesupport_introspection_c
[0.869s] -- Using all available rosidl_typesupport_cpp: rosidl_typesupport_fastrtps_cpp;rosidl_typesupport_introspection_cpp
[1.012s] -- Found rmw_implementation_cmake: 7.3.2 (/opt/ros/jazzy/share/rmw_implementation_cmake/cmake)
[1.017s] -- Found rmw_fastrtps_cpp: 8.4.2 (/opt/ros/jazzy/share/rmw_fastrtps_cpp/cmake)
[1.147s] -- Using RMW implementation 'rmw_fastrtps_cpp' as default
[1.275s] -- Found tf2: 0.36.12 (/opt/ros/jazzy/share/tf2/cmake)
[1.349s] -- Found tf2_ros: 0.36.12 (/opt/ros/jazzy/share/tf2_ros/cmake)
[1.585s] -- Found tf2_geometry_msgs: 0.36.12 (/opt/ros/jazzy/share/tf2_geometry_msgs/cmake)
[1.618s] -- Found eigen3_cmake_module: 0.3.0 (/opt/ros/jazzy/share/eigen3_cmake_module/cmake)
[1.622s] -- Found Eigen3: TRUE (found version "3.4.0") 
[1.622s] -- Ensuring Eigen3 include directory is part of orocos-kdl CMake target
[1.635s] -- Found ament_lint_auto: 0.17.2 (/opt/ros/jazzy/share/ament_lint_auto/cmake)
[1.819s] -- Added test 'cppcheck' to perform static code analysis on C / C++ code
[1.819s] -- Configured cppcheck include dirs: $<BUILD_INTERFACE:/home/haixin/ws02_tools/src/cpp04_tf_listener/include>
[1.820s] -- Configured cppcheck exclude dirs and/or files: 
[1.821s] -- Added test 'lint_cmake' to check CMake code style
[1.824s] -- Added test 'uncrustify' to check C / C++ code style
[1.824s] -- Configured uncrustify additional arguments: 
[1.825s] -- Added test 'xmllint' to check XML markup files
[1.829s] -- Configuring done (1.5s)
[1.987s] -- Generating done (0.1s)
[2.019s] -- Build files have been written to: /home/haixin/ws02_tools/build/cpp04_tf_listener
[2.092s] [ 25%] [32mBuilding CXX object CMakeFiles/demo02_msg_filter.dir/src/demo02_msg_filter.cpp.o[0m
[2.107s] [ 50%] [32mBuilding CXX object CMakeFiles/demo01_tf_listener.dir/src/demo01_tf_listener.cpp.o[0m
[7.217s] [ 75%] [32m[1mLinking CXX executable demo02_msg_filter[0m
[8.048s] [ 75%] Built target demo02_msg_filter
[16.035s] [100%] [32m[1mLinking CXX executable demo01_tf_listener[0m
[16.986s] [100%] Built target demo01_tf_listener
[17.007s] Invoked command in '/home/haixin/ws02_tools/build/cpp04_tf_listener' returned '0': CMAKE_PREFIX_PATH=${CMAKE_PREFIX_PATH}:/opt/ros/jazzy /usr/bin/cmake --build /home/haixin/ws02_tools/build/cpp04_tf_listener -- -j4 -l4
[17.025s] Invoking command in '/home/haixin/ws02_tools/build/cpp04_tf_listener': CMAKE_PREFIX_PATH=${CMAKE_PREFIX_PATH}:/opt/ros/jazzy /usr/bin/cmake --install /home/haixin/ws02_tools/build/cpp04_tf_listener
[17.039s] -- Install configuration: ""
[17.040s] -- Installing: /home/haixin/ws02_tools/install/cpp04_tf_listener/lib/cpp04_tf_listener/demo01_tf_listener
[17.052s] -- Set non-toolchain portion of runtime path of "/home/haixin/ws02_tools/install/cpp04_tf_listener/lib/cpp04_tf_listener/demo01_tf_listener" to ""
[17.052s] -- Installing: /home/haixin/ws02_tools/install/cpp04_tf_listener/lib/cpp04_tf_listener/demo02_msg_filter
[17.053s] -- Set non-toolchain portion of runtime path of "/home/haixin/ws02_tools/install/cpp04_tf_listener/lib/cpp04_tf_listener/demo02_msg_filter" to ""
[17.053s] -- Installing: /home/haixin/ws02_tools/install/cpp04_tf_listener/share/ament_index/resource_index/package_run_dependencies/cpp04_tf_listener
[17.053s] -- Installing: /home/haixin/ws02_tools/install/cpp04_tf_listener/share/ament_index/resource_index/parent_prefix_path/cpp04_tf_listener
[17.054s] -- Up-to-date: /home/haixin/ws02_tools/install/cpp04_tf_listener/share/cpp04_tf_listener/environment/ament_prefix_path.sh
[17.054s] -- Up-to-date: /home/haixin/ws02_tools/install/cpp04_tf_listener/share/cpp04_tf_listener/environment/ament_prefix_path.dsv
[17.054s] -- Up-to-date: /home/haixin/ws02_tools/install/cpp04_tf_listener/share/cpp04_tf_listener/environment/path.sh
[17.054s] -- Up-to-date: /home/haixin/ws02_tools/install/cpp04_tf_listener/share/cpp04_tf_listener/environment/path.dsv
[17.054s] -- Up-to-date: /home/haixin/ws02_tools/install/cpp04_tf_listener/share/cpp04_tf_listener/local_setup.bash
[17.054s] -- Up-to-date: /home/haixin/ws02_tools/install/cpp04_tf_listener/share/cpp04_tf_listener/local_setup.sh
[17.054s] -- Up-to-date: /home/haixin/ws02_tools/install/cpp04_tf_listener/share/cpp04_tf_listener/local_setup.zsh
[17.054s] -- Up-to-date: /home/haixin/ws02_tools/install/cpp04_tf_listener/share/cpp04_tf_listener/local_setup.dsv
[17.055s] -- Installing: /home/haixin/ws02_tools/install/cpp04_tf_listener/share/cpp04_tf_listener/package.dsv
[17.055s] -- Up-to-date: /home/haixin/ws02_tools/install/cpp04_tf_listener/share/ament_index/resource_index/packages/cpp04_tf_listener
[17.055s] -- Up-to-date: /home/haixin/ws02_tools/install/cpp04_tf_listener/share/cpp04_tf_listener/cmake/cpp04_tf_listenerConfig.cmake
[17.055s] -- Up-to-date: /home/haixin/ws02_tools/install/cpp04_tf_listener/share/cpp04_tf_listener/cmake/cpp04_tf_listenerConfig-version.cmake
[17.055s] -- Installing: /home/haixin/ws02_tools/install/cpp04_tf_listener/share/cpp04_tf_listener/package.xml
[17.058s] Invoked command in '/home/haixin/ws02_tools/build/cpp04_tf_listener' returned '0': CMAKE_PREFIX_PATH=${CMAKE_PREFIX_PATH}:/opt/ros/jazzy /usr/bin/cmake --install /home/haixin/ws02_tools/build/cpp04_tf_listener
