[0.017s] Invoking command in '/home/haixin/ws02_tools/build/cpp01_launch': CMAKE_PREFIX_PATH=${CMAKE_PREFIX_PATH}:/opt/ros/jazzy /usr/bin/cmake --build /home/haixin/ws02_tools/build/cpp01_launch -- -j4 -l4
[0.091s] Invoked command in '/home/haixin/ws02_tools/build/cpp01_launch' returned '0': CMAKE_PREFIX_PATH=${CMAKE_PREFIX_PATH}:/opt/ros/jazzy /usr/bin/cmake --build /home/haixin/ws02_tools/build/cpp01_launch -- -j4 -l4
[0.109s] Invoking command in '/home/haixin/ws02_tools/build/cpp01_launch': CMAKE_PREFIX_PATH=${CMAKE_PREFIX_PATH}:/opt/ros/jazzy /usr/bin/cmake --install /home/haixin/ws02_tools/build/cpp01_launch
[0.122s] -- Install configuration: ""
[0.123s] -- Up-to-date: /home/haixin/ws02_tools/install/cpp01_launch/share/cpp01_launch/launch
[0.123s] -- Up-to-date: /home/haixin/ws02_tools/install/cpp01_launch/share/cpp01_launch/launch/py
[0.123s] -- Installing: /home/haixin/ws02_tools/install/cpp01_launch/share/cpp01_launch/launch/py/py01_helloworld_launch.py
[0.123s] -- Up-to-date: /home/haixin/ws02_tools/install/cpp01_launch/share/cpp01_launch/launch/yaml
[0.124s] -- Up-to-date: /home/haixin/ws02_tools/install/cpp01_launch/share/cpp01_launch/launch/xml
[0.124s] -- Up-to-date: /home/haixin/ws02_tools/install/cpp01_launch/share/ament_index/resource_index/package_run_dependencies/cpp01_launch
[0.124s] -- Up-to-date: /home/haixin/ws02_tools/install/cpp01_launch/share/ament_index/resource_index/parent_prefix_path/cpp01_launch
[0.124s] -- Up-to-date: /home/haixin/ws02_tools/install/cpp01_launch/share/cpp01_launch/environment/ament_prefix_path.sh
[0.124s] -- Up-to-date: /home/haixin/ws02_tools/install/cpp01_launch/share/cpp01_launch/environment/ament_prefix_path.dsv
[0.124s] -- Up-to-date: /home/haixin/ws02_tools/install/cpp01_launch/share/cpp01_launch/environment/path.sh
[0.124s] -- Up-to-date: /home/haixin/ws02_tools/install/cpp01_launch/share/cpp01_launch/environment/path.dsv
[0.124s] -- Up-to-date: /home/haixin/ws02_tools/install/cpp01_launch/share/cpp01_launch/local_setup.bash
[0.124s] -- Up-to-date: /home/haixin/ws02_tools/install/cpp01_launch/share/cpp01_launch/local_setup.sh
[0.124s] -- Up-to-date: /home/haixin/ws02_tools/install/cpp01_launch/share/cpp01_launch/local_setup.zsh
[0.125s] -- Up-to-date: /home/haixin/ws02_tools/install/cpp01_launch/share/cpp01_launch/local_setup.dsv
[0.125s] -- Installing: /home/haixin/ws02_tools/install/cpp01_launch/share/cpp01_launch/package.dsv
[0.125s] -- Up-to-date: /home/haixin/ws02_tools/install/cpp01_launch/share/ament_index/resource_index/packages/cpp01_launch
[0.125s] -- Up-to-date: /home/haixin/ws02_tools/install/cpp01_launch/share/cpp01_launch/cmake/cpp01_launchConfig.cmake
[0.125s] -- Up-to-date: /home/haixin/ws02_tools/install/cpp01_launch/share/cpp01_launch/cmake/cpp01_launchConfig-version.cmake
[0.125s] -- Up-to-date: /home/haixin/ws02_tools/install/cpp01_launch/share/cpp01_launch/package.xml
[0.128s] Invoked command in '/home/haixin/ws02_tools/build/cpp01_launch' returned '0': CMAKE_PREFIX_PATH=${CMAKE_PREFIX_PATH}:/opt/ros/jazzy /usr/bin/cmake --install /home/haixin/ws02_tools/build/cpp01_launch
