[0.016s] Invoking command in '/home/haixin/ws02_tools/build/cpp03_tf_broadcaster': CMAKE_PREFIX_PATH=${CMAKE_PREFIX_PATH}:/opt/ros/jazzy /usr/bin/cmake /home/haixin/ws02_tools/src/cpp03_tf_broadcaster -DCMAKE_INSTALL_PREFIX=/home/haixin/ws02_tools/install/cpp03_tf_broadcaster
[0.039s] -- Found ament_cmake: 2.5.4 (/opt/ros/jazzy/share/ament_cmake/cmake)
[0.412s] -- Found rclcpp: 28.1.10 (/opt/ros/jazzy/share/rclcpp/cmake)
[0.446s] -- Found rosidl_generator_c: 4.6.5 (/opt/ros/jazzy/share/rosidl_generator_c/cmake)
[0.461s] -- Found rosidl_generator_cpp: 4.6.5 (/opt/ros/jazzy/share/rosidl_generator_cpp/cmake)
[0.482s] -- Using all available rosidl_typesupport_c: rosidl_typesupport_fastrtps_c;rosidl_typesupport_introspection_c
[0.504s] -- Using all available rosidl_typesupport_cpp: rosidl_typesupport_fastrtps_cpp;rosidl_typesupport_introspection_cpp
[0.588s] -- Found rmw_implementation_cmake: 7.3.2 (/opt/ros/jazzy/share/rmw_implementation_cmake/cmake)
[0.591s] -- Found rmw_fastrtps_cpp: 8.4.2 (/opt/ros/jazzy/share/rmw_fastrtps_cpp/cmake)
[0.682s] -- Using RMW implementation 'rmw_fastrtps_cpp' as default
[0.762s] -- Found tf2: 0.36.12 (/opt/ros/jazzy/share/tf2/cmake)
[0.806s] -- Found tf2_ros: 0.36.12 (/opt/ros/jazzy/share/tf2_ros/cmake)
[0.942s] -- Found turtlesim: 1.8.3 (/opt/ros/jazzy/share/turtlesim/cmake)
[0.974s] -- Found ament_lint_auto: 0.17.2 (/opt/ros/jazzy/share/ament_lint_auto/cmake)
[1.129s] -- Added test 'cppcheck' to perform static code analysis on C / C++ code
[1.129s] -- Configured cppcheck include dirs: $<BUILD_INTERFACE:/home/haixin/ws02_tools/src/cpp03_tf_broadcaster/include>
[1.129s] -- Configured cppcheck exclude dirs and/or files: 
[1.130s] -- Added test 'lint_cmake' to check CMake code style
[1.131s] -- Added test 'uncrustify' to check C / C++ code style
[1.131s] -- Configured uncrustify additional arguments: 
[1.132s] -- Added test 'xmllint' to check XML markup files
[1.133s] -- Configuring done (1.1s)
[1.166s] -- Generating done (0.0s)
[1.190s] -- Build files have been written to: /home/haixin/ws02_tools/build/cpp03_tf_broadcaster
[1.207s] Invoked command in '/home/haixin/ws02_tools/build/cpp03_tf_broadcaster' returned '0': CMAKE_PREFIX_PATH=${CMAKE_PREFIX_PATH}:/opt/ros/jazzy /usr/bin/cmake /home/haixin/ws02_tools/src/cpp03_tf_broadcaster -DCMAKE_INSTALL_PREFIX=/home/haixin/ws02_tools/install/cpp03_tf_broadcaster
[1.209s] Invoking command in '/home/haixin/ws02_tools/build/cpp03_tf_broadcaster': CMAKE_PREFIX_PATH=${CMAKE_PREFIX_PATH}:/opt/ros/jazzy /usr/bin/cmake --build /home/haixin/ws02_tools/build/cpp03_tf_broadcaster -- -j4 -l4
[1.316s] [ 25%] [32mBuilding CXX object CMakeFiles/demo02_dynamic_tf_broadcaster.dir/src/demo02_dynamic_tf_broadcaster.cpp.o[0m
[1.319s] [ 75%] Built target demo01_static_tf_broadcaster
[14.050s] [100%] [32m[1mLinking CXX executable demo02_dynamic_tf_broadcaster[0m
[15.093s] [100%] Built target demo02_dynamic_tf_broadcaster
[15.113s] Invoked command in '/home/haixin/ws02_tools/build/cpp03_tf_broadcaster' returned '0': CMAKE_PREFIX_PATH=${CMAKE_PREFIX_PATH}:/opt/ros/jazzy /usr/bin/cmake --build /home/haixin/ws02_tools/build/cpp03_tf_broadcaster -- -j4 -l4
[15.131s] Invoking command in '/home/haixin/ws02_tools/build/cpp03_tf_broadcaster': CMAKE_PREFIX_PATH=${CMAKE_PREFIX_PATH}:/opt/ros/jazzy /usr/bin/cmake --install /home/haixin/ws02_tools/build/cpp03_tf_broadcaster
[15.144s] -- Install configuration: ""
[15.145s] -- Up-to-date: /home/haixin/ws02_tools/install/cpp03_tf_broadcaster/lib/cpp03_tf_broadcaster/demo01_static_tf_broadcaster
[15.145s] -- Installing: /home/haixin/ws02_tools/install/cpp03_tf_broadcaster/lib/cpp03_tf_broadcaster/demo02_dynamic_tf_broadcaster
[15.156s] -- Set non-toolchain portion of runtime path of "/home/haixin/ws02_tools/install/cpp03_tf_broadcaster/lib/cpp03_tf_broadcaster/demo02_dynamic_tf_broadcaster" to ""
[15.156s] -- Up-to-date: /home/haixin/ws02_tools/install/cpp03_tf_broadcaster/share/ament_index/resource_index/package_run_dependencies/cpp03_tf_broadcaster
[15.157s] -- Up-to-date: /home/haixin/ws02_tools/install/cpp03_tf_broadcaster/share/ament_index/resource_index/parent_prefix_path/cpp03_tf_broadcaster
[15.157s] -- Up-to-date: /home/haixin/ws02_tools/install/cpp03_tf_broadcaster/share/cpp03_tf_broadcaster/environment/ament_prefix_path.sh
[15.157s] -- Up-to-date: /home/haixin/ws02_tools/install/cpp03_tf_broadcaster/share/cpp03_tf_broadcaster/environment/ament_prefix_path.dsv
[15.157s] -- Up-to-date: /home/haixin/ws02_tools/install/cpp03_tf_broadcaster/share/cpp03_tf_broadcaster/environment/path.sh
[15.157s] -- Up-to-date: /home/haixin/ws02_tools/install/cpp03_tf_broadcaster/share/cpp03_tf_broadcaster/environment/path.dsv
[15.157s] -- Up-to-date: /home/haixin/ws02_tools/install/cpp03_tf_broadcaster/share/cpp03_tf_broadcaster/local_setup.bash
[15.157s] -- Up-to-date: /home/haixin/ws02_tools/install/cpp03_tf_broadcaster/share/cpp03_tf_broadcaster/local_setup.sh
[15.157s] -- Up-to-date: /home/haixin/ws02_tools/install/cpp03_tf_broadcaster/share/cpp03_tf_broadcaster/local_setup.zsh
[15.157s] -- Up-to-date: /home/haixin/ws02_tools/install/cpp03_tf_broadcaster/share/cpp03_tf_broadcaster/local_setup.dsv
[15.158s] -- Installing: /home/haixin/ws02_tools/install/cpp03_tf_broadcaster/share/cpp03_tf_broadcaster/package.dsv
[15.158s] -- Up-to-date: /home/haixin/ws02_tools/install/cpp03_tf_broadcaster/share/ament_index/resource_index/packages/cpp03_tf_broadcaster
[15.158s] -- Up-to-date: /home/haixin/ws02_tools/install/cpp03_tf_broadcaster/share/cpp03_tf_broadcaster/cmake/cpp03_tf_broadcasterConfig.cmake
[15.158s] -- Up-to-date: /home/haixin/ws02_tools/install/cpp03_tf_broadcaster/share/cpp03_tf_broadcaster/cmake/cpp03_tf_broadcasterConfig-version.cmake
[15.158s] -- Up-to-date: /home/haixin/ws02_tools/install/cpp03_tf_broadcaster/share/cpp03_tf_broadcaster/package.xml
[15.160s] Invoked command in '/home/haixin/ws02_tools/build/cpp03_tf_broadcaster' returned '0': CMAKE_PREFIX_PATH=${CMAKE_PREFIX_PATH}:/opt/ros/jazzy /usr/bin/cmake --install /home/haixin/ws02_tools/build/cpp03_tf_broadcaster
