-- The C compiler identification is GNU 13.3.0
-- The CXX compiler identification is GNU 13.3.0
-- Detecting C compiler ABI info
-- Detecting C compiler ABI info - done
-- Check for working C compiler: /usr/bin/cc - skipped
-- Detecting C compile features
-- Detecting C compile features - done
-- Detecting CXX compiler ABI info
-- Detecting CXX compiler ABI info - done
-- Check for working CXX compiler: /usr/bin/c++ - skipped
-- Detecting CXX compile features
-- Detecting CXX compile features - done
-- Found ament_cmake: 2.5.4 (/opt/ros/jazzy/share/ament_cmake/cmake)
-- Found Python3: /usr/bin/python3 (found version "3.12.3") found components: Interpreter 
-- Found rclcpp: 28.1.10 (/opt/ros/jazzy/share/rclcpp/cmake)
-- Found rosidl_generator_c: 4.6.5 (/opt/ros/jazzy/share/rosidl_generator_c/cmake)
-- Found rosidl_generator_cpp: 4.6.5 (/opt/ros/jazzy/share/rosidl_generator_cpp/cmake)
-- Using all available rosidl_typesupport_c: rosidl_typesupport_fastrtps_c;rosidl_typesupport_introspection_c
-- Using all available rosidl_typesupport_cpp: rosidl_typesupport_fastrtps_cpp;rosidl_typesupport_introspection_cpp
-- Found rmw_implementation_cmake: 7.3.2 (/opt/ros/jazzy/share/rmw_implementation_cmake/cmake)
-- Found rmw_fastrtps_cpp: 8.4.2 (/opt/ros/jazzy/share/rmw_fastrtps_cpp/cmake)
-- Found OpenSSL: /usr/lib/aarch64-linux-gnu/libcrypto.so (found version "3.0.13")  
-- Found FastRTPS: /opt/ros/jazzy/include (Required is at least version "2.13") 
-- Using RMW implementation 'rmw_fastrtps_cpp' as default
-- Found ament_lint_auto: 0.17.2 (/opt/ros/jazzy/share/ament_lint_auto/cmake)
-- Added test 'lint_cmake' to check CMake code style
-- Added test 'xmllint' to check XML markup files
-- Configuring done (2.8s)
-- Generating done (0.0s)
-- Build files have been written to: /home/haixin/ws02_tools/build/cpp01_launch
-- Install configuration: ""
-- Installing: /home/haixin/ws02_tools/install/cpp01_launch/share/cpp01_launch/launch
-- Installing: /home/haixin/ws02_tools/install/cpp01_launch/share/cpp01_launch/launch/py
-- Installing: /home/haixin/ws02_tools/install/cpp01_launch/share/cpp01_launch/launch/yaml
-- Installing: /home/haixin/ws02_tools/install/cpp01_launch/share/cpp01_launch/launch/xml
-- Installing: /home/haixin/ws02_tools/install/cpp01_launch/share/ament_index/resource_index/package_run_dependencies/cpp01_launch
-- Installing: /home/haixin/ws02_tools/install/cpp01_launch/share/ament_index/resource_index/parent_prefix_path/cpp01_launch
-- Installing: /home/haixin/ws02_tools/install/cpp01_launch/share/cpp01_launch/environment/ament_prefix_path.sh
-- Installing: /home/haixin/ws02_tools/install/cpp01_launch/share/cpp01_launch/environment/ament_prefix_path.dsv
-- Installing: /home/haixin/ws02_tools/install/cpp01_launch/share/cpp01_launch/environment/path.sh
-- Installing: /home/haixin/ws02_tools/install/cpp01_launch/share/cpp01_launch/environment/path.dsv
-- Installing: /home/haixin/ws02_tools/install/cpp01_launch/share/cpp01_launch/local_setup.bash
-- Installing: /home/haixin/ws02_tools/install/cpp01_launch/share/cpp01_launch/local_setup.sh
-- Installing: /home/haixin/ws02_tools/install/cpp01_launch/share/cpp01_launch/local_setup.zsh
-- Installing: /home/haixin/ws02_tools/install/cpp01_launch/share/cpp01_launch/local_setup.dsv
-- Installing: /home/haixin/ws02_tools/install/cpp01_launch/share/cpp01_launch/package.dsv
-- Installing: /home/haixin/ws02_tools/install/cpp01_launch/share/ament_index/resource_index/packages/cpp01_launch
-- Installing: /home/haixin/ws02_tools/install/cpp01_launch/share/cpp01_launch/cmake/cpp01_launchConfig.cmake
-- Installing: /home/haixin/ws02_tools/install/cpp01_launch/share/cpp01_launch/cmake/cpp01_launchConfig-version.cmake
-- Installing: /home/haixin/ws02_tools/install/cpp01_launch/share/cpp01_launch/package.xml
