[0.027s] Invoking command in '/home/haixin/ws02_tools/build/cpp01_launch': CMAKE_PREFIX_PATH=${CMAKE_PREFIX_PATH}:/opt/ros/jazzy /usr/bin/cmake /home/haixin/ws02_tools/src/cpp01_launch -DCMAKE_EXPORT_COMPILE_COMMANDS=ON -DCMAKE_INSTALL_PREFIX=/home/haixin/ws02_tools/install/cpp01_launch
[0.598s] -- The C compiler identification is GNU 13.3.0
[0.886s] -- The CXX compiler identification is GNU 13.3.0
[0.933s] -- Detecting C compiler ABI info
[1.131s] -- Detecting C compiler ABI info - done
[1.147s] -- Check for working C compiler: /usr/bin/cc - skipped
[1.148s] -- Detecting C compile features
[1.149s] -- Detecting C compile features - done
[1.167s] -- Detecting CXX compiler ABI info
[1.347s] -- Detecting CXX compiler ABI info - done
[1.363s] -- Check for working CXX compiler: /usr/bin/c++ - skipped
[1.363s] -- Detecting CXX compile features
[1.364s] -- Detecting CXX compile features - done
[1.370s] -- Found ament_cmake: 2.5.4 (/opt/ros/jazzy/share/ament_cmake/cmake)
[1.611s] -- Found Python3: /usr/bin/python3 (found version "3.12.3") found components: Interpreter 
[1.857s] -- Found rclcpp: 28.1.10 (/opt/ros/jazzy/share/rclcpp/cmake)
[1.968s] -- Found rosidl_generator_c: 4.6.5 (/opt/ros/jazzy/share/rosidl_generator_c/cmake)
[2.005s] -- Found rosidl_generator_cpp: 4.6.5 (/opt/ros/jazzy/share/rosidl_generator_cpp/cmake)
[2.056s] -- Using all available rosidl_typesupport_c: rosidl_typesupport_fastrtps_c;rosidl_typesupport_introspection_c
[2.106s] -- Using all available rosidl_typesupport_cpp: rosidl_typesupport_fastrtps_cpp;rosidl_typesupport_introspection_cpp
[2.304s] -- Found rmw_implementation_cmake: 7.3.2 (/opt/ros/jazzy/share/rmw_implementation_cmake/cmake)
[2.315s] -- Found rmw_fastrtps_cpp: 8.4.2 (/opt/ros/jazzy/share/rmw_fastrtps_cpp/cmake)
[2.503s] -- Found OpenSSL: /usr/lib/aarch64-linux-gnu/libcrypto.so (found version "3.0.13")  
[2.531s] -- Found FastRTPS: /opt/ros/jazzy/include (Required is at least version "2.13") 
[2.566s] -- Using RMW implementation 'rmw_fastrtps_cpp' as default
[2.750s] -- Found ament_lint_auto: 0.17.2 (/opt/ros/jazzy/share/ament_lint_auto/cmake)
[2.956s] -- Added test 'lint_cmake' to check CMake code style
[2.960s] -- Added test 'xmllint' to check XML markup files
[2.965s] -- Configuring done (2.8s)
[2.972s] -- Generating done (0.0s)
[2.974s] [33mCMake Warning:
[2.974s]   Manually-specified variables were not used by the project:
[2.974s] 
[2.974s]     CMAKE_EXPORT_COMPILE_COMMANDS
[2.974s] 
[2.975s] [0m
[2.976s] -- Build files have been written to: /home/haixin/ws02_tools/build/cpp01_launch
[2.994s] Invoked command in '/home/haixin/ws02_tools/build/cpp01_launch' returned '0': CMAKE_PREFIX_PATH=${CMAKE_PREFIX_PATH}:/opt/ros/jazzy /usr/bin/cmake /home/haixin/ws02_tools/src/cpp01_launch -DCMAKE_EXPORT_COMPILE_COMMANDS=ON -DCMAKE_INSTALL_PREFIX=/home/haixin/ws02_tools/install/cpp01_launch
[2.996s] Invoking command in '/home/haixin/ws02_tools/build/cpp01_launch': CMAKE_PREFIX_PATH=${CMAKE_PREFIX_PATH}:/opt/ros/jazzy /usr/bin/cmake --build /home/haixin/ws02_tools/build/cpp01_launch -- -j4 -l4
[3.067s] Invoked command in '/home/haixin/ws02_tools/build/cpp01_launch' returned '0': CMAKE_PREFIX_PATH=${CMAKE_PREFIX_PATH}:/opt/ros/jazzy /usr/bin/cmake --build /home/haixin/ws02_tools/build/cpp01_launch -- -j4 -l4
[3.085s] Invoking command in '/home/haixin/ws02_tools/build/cpp01_launch': CMAKE_PREFIX_PATH=${CMAKE_PREFIX_PATH}:/opt/ros/jazzy /usr/bin/cmake --install /home/haixin/ws02_tools/build/cpp01_launch
[3.098s] -- Install configuration: ""
[3.098s] -- Installing: /home/haixin/ws02_tools/install/cpp01_launch/share/cpp01_launch/launch
[3.099s] -- Installing: /home/haixin/ws02_tools/install/cpp01_launch/share/cpp01_launch/launch/py
[3.099s] -- Installing: /home/haixin/ws02_tools/install/cpp01_launch/share/cpp01_launch/launch/yaml
[3.099s] -- Installing: /home/haixin/ws02_tools/install/cpp01_launch/share/cpp01_launch/launch/xml
[3.099s] -- Installing: /home/haixin/ws02_tools/install/cpp01_launch/share/ament_index/resource_index/package_run_dependencies/cpp01_launch
[3.099s] -- Installing: /home/haixin/ws02_tools/install/cpp01_launch/share/ament_index/resource_index/parent_prefix_path/cpp01_launch
[3.100s] -- Installing: /home/haixin/ws02_tools/install/cpp01_launch/share/cpp01_launch/environment/ament_prefix_path.sh
[3.100s] -- Installing: /home/haixin/ws02_tools/install/cpp01_launch/share/cpp01_launch/environment/ament_prefix_path.dsv
[3.100s] -- Installing: /home/haixin/ws02_tools/install/cpp01_launch/share/cpp01_launch/environment/path.sh
[3.100s] -- Installing: /home/haixin/ws02_tools/install/cpp01_launch/share/cpp01_launch/environment/path.dsv
[3.100s] -- Installing: /home/haixin/ws02_tools/install/cpp01_launch/share/cpp01_launch/local_setup.bash
[3.100s] -- Installing: /home/haixin/ws02_tools/install/cpp01_launch/share/cpp01_launch/local_setup.sh
[3.101s] -- Installing: /home/haixin/ws02_tools/install/cpp01_launch/share/cpp01_launch/local_setup.zsh
[3.101s] -- Installing: /home/haixin/ws02_tools/install/cpp01_launch/share/cpp01_launch/local_setup.dsv
[3.101s] -- Installing: /home/haixin/ws02_tools/install/cpp01_launch/share/cpp01_launch/package.dsv
[3.101s] -- Installing: /home/haixin/ws02_tools/install/cpp01_launch/share/ament_index/resource_index/packages/cpp01_launch
[3.101s] -- Installing: /home/haixin/ws02_tools/install/cpp01_launch/share/cpp01_launch/cmake/cpp01_launchConfig.cmake
[3.102s] -- Installing: /home/haixin/ws02_tools/install/cpp01_launch/share/cpp01_launch/cmake/cpp01_launchConfig-version.cmake
[3.102s] -- Installing: /home/haixin/ws02_tools/install/cpp01_launch/share/cpp01_launch/package.xml
[3.105s] Invoked command in '/home/haixin/ws02_tools/build/cpp01_launch' returned '0': CMAKE_PREFIX_PATH=${CMAKE_PREFIX_PATH}:/opt/ros/jazzy /usr/bin/cmake --install /home/haixin/ws02_tools/build/cpp01_launch
