[0.030s] Invoking command in '/home/haixin/ws02_tools/build/cpp04_tf_listener': CMAKE_PREFIX_PATH=${CMAKE_PREFIX_PATH}:/opt/ros/jazzy /usr/bin/cmake --build /home/haixin/ws02_tools/build/cpp04_tf_listener -- -j4 -l4
[0.389s] [100%] Built target demo01_tf_listener
[0.410s] Invoked command in '/home/haixin/ws02_tools/build/cpp04_tf_listener' returned '0': CMAKE_PREFIX_PATH=${CMAKE_PREFIX_PATH}:/opt/ros/jazzy /usr/bin/cmake --build /home/haixin/ws02_tools/build/cpp04_tf_listener -- -j4 -l4
[0.430s] Invoking command in '/home/haixin/ws02_tools/build/cpp04_tf_listener': CMAKE_PREFIX_PATH=${CMAKE_PREFIX_PATH}:/opt/ros/jazzy /usr/bin/cmake --install /home/haixin/ws02_tools/build/cpp04_tf_listener
[0.445s] -- Install configuration: ""
[0.448s] -- Up-to-date: /home/haixin/ws02_tools/install/cpp04_tf_listener/lib/cpp04_tf_listener/demo01_tf_listener
[0.448s] -- Up-to-date: /home/haixin/ws02_tools/install/cpp04_tf_listener/share/ament_index/resource_index/package_run_dependencies/cpp04_tf_listener
[0.448s] -- Up-to-date: /home/haixin/ws02_tools/install/cpp04_tf_listener/share/ament_index/resource_index/parent_prefix_path/cpp04_tf_listener
[0.448s] -- Up-to-date: /home/haixin/ws02_tools/install/cpp04_tf_listener/share/cpp04_tf_listener/environment/ament_prefix_path.sh
[0.449s] -- Up-to-date: /home/haixin/ws02_tools/install/cpp04_tf_listener/share/cpp04_tf_listener/environment/ament_prefix_path.dsv
[0.449s] -- Up-to-date: /home/haixin/ws02_tools/install/cpp04_tf_listener/share/cpp04_tf_listener/environment/path.sh
[0.449s] -- Up-to-date: /home/haixin/ws02_tools/install/cpp04_tf_listener/share/cpp04_tf_listener/environment/path.dsv
[0.449s] -- Up-to-date: /home/haixin/ws02_tools/install/cpp04_tf_listener/share/cpp04_tf_listener/local_setup.bash
[0.449s] -- Up-to-date: /home/haixin/ws02_tools/install/cpp04_tf_listener/share/cpp04_tf_listener/local_setup.sh
[0.449s] -- Up-to-date: /home/haixin/ws02_tools/install/cpp04_tf_listener/share/cpp04_tf_listener/local_setup.zsh
[0.449s] -- Up-to-date: /home/haixin/ws02_tools/install/cpp04_tf_listener/share/cpp04_tf_listener/local_setup.dsv
[0.449s] -- Installing: /home/haixin/ws02_tools/install/cpp04_tf_listener/share/cpp04_tf_listener/package.dsv
[0.449s] -- Up-to-date: /home/haixin/ws02_tools/install/cpp04_tf_listener/share/ament_index/resource_index/packages/cpp04_tf_listener
[0.449s] -- Up-to-date: /home/haixin/ws02_tools/install/cpp04_tf_listener/share/cpp04_tf_listener/cmake/cpp04_tf_listenerConfig.cmake
[0.450s] -- Up-to-date: /home/haixin/ws02_tools/install/cpp04_tf_listener/share/cpp04_tf_listener/cmake/cpp04_tf_listenerConfig-version.cmake
[0.450s] -- Up-to-date: /home/haixin/ws02_tools/install/cpp04_tf_listener/share/cpp04_tf_listener/package.xml
[0.453s] Invoked command in '/home/haixin/ws02_tools/build/cpp04_tf_listener' returned '0': CMAKE_PREFIX_PATH=${CMAKE_PREFIX_PATH}:/opt/ros/jazzy /usr/bin/cmake --install /home/haixin/ws02_tools/build/cpp04_tf_listener
