[0.029s] Invoking command in '/home/haixin/ws02_tools/build/cpp03_tf_broadcaster': CMAKE_PREFIX_PATH=${CMAKE_PREFIX_PATH}:/opt/ros/jazzy /usr/bin/cmake /home/haixin/ws02_tools/src/cpp03_tf_broadcaster -DCMAKE_EXPORT_COMPILE_COMMANDS=ON -DCMAKE_INSTALL_PREFIX=/home/haixin/ws02_tools/install/cpp03_tf_broadcaster
[0.316s] -- Found ament_cmake: 2.5.4 (/opt/ros/jazzy/share/ament_cmake/cmake)
[0.750s] -- Found rclcpp: 28.1.10 (/opt/ros/jazzy/share/rclcpp/cmake)
[0.838s] -- Found rosidl_generator_c: 4.6.5 (/opt/ros/jazzy/share/rosidl_generator_c/cmake)
[0.866s] -- Found rosidl_generator_cpp: 4.6.5 (/opt/ros/jazzy/share/rosidl_generator_cpp/cmake)
[0.908s] -- Using all available rosidl_typesupport_c: rosidl_typesupport_fastrtps_c;rosidl_typesupport_introspection_c
[0.948s] -- Using all available rosidl_typesupport_cpp: rosidl_typesupport_fastrtps_cpp;rosidl_typesupport_introspection_cpp
[1.117s] -- Found rmw_implementation_cmake: 7.3.2 (/opt/ros/jazzy/share/rmw_implementation_cmake/cmake)
[1.126s] -- Found rmw_fastrtps_cpp: 8.4.2 (/opt/ros/jazzy/share/rmw_fastrtps_cpp/cmake)
[1.279s] -- Using RMW implementation 'rmw_fastrtps_cpp' as default
[1.443s] -- Found tf2: 0.36.12 (/opt/ros/jazzy/share/tf2/cmake)
[1.534s] -- Found tf2_ros: 0.36.12 (/opt/ros/jazzy/share/tf2_ros/cmake)
[1.784s] -- Found turtlesim: 1.8.3 (/opt/ros/jazzy/share/turtlesim/cmake)
[1.843s] -- Found ament_lint_auto: 0.17.2 (/opt/ros/jazzy/share/ament_lint_auto/cmake)
[2.036s] -- Added test 'cppcheck' to perform static code analysis on C / C++ code
[2.036s] -- Configured cppcheck include dirs: $<BUILD_INTERFACE:/home/haixin/ws02_tools/src/cpp03_tf_broadcaster/include>
[2.036s] -- Configured cppcheck exclude dirs and/or files: 
[2.039s] -- Added test 'lint_cmake' to check CMake code style
[2.041s] -- Added test 'uncrustify' to check C / C++ code style
[2.041s] -- Configured uncrustify additional arguments: 
[2.042s] -- Added test 'xmllint' to check XML markup files
[2.048s] -- Configuring done (1.8s)
[2.127s] -- Generating done (0.1s)
[2.155s] -- Build files have been written to: /home/haixin/ws02_tools/build/cpp03_tf_broadcaster
[2.182s] Invoked command in '/home/haixin/ws02_tools/build/cpp03_tf_broadcaster' returned '0': CMAKE_PREFIX_PATH=${CMAKE_PREFIX_PATH}:/opt/ros/jazzy /usr/bin/cmake /home/haixin/ws02_tools/src/cpp03_tf_broadcaster -DCMAKE_EXPORT_COMPILE_COMMANDS=ON -DCMAKE_INSTALL_PREFIX=/home/haixin/ws02_tools/install/cpp03_tf_broadcaster
[2.184s] Invoking command in '/home/haixin/ws02_tools/build/cpp03_tf_broadcaster': CMAKE_PREFIX_PATH=${CMAKE_PREFIX_PATH}:/opt/ros/jazzy /usr/bin/cmake --build /home/haixin/ws02_tools/build/cpp03_tf_broadcaster -- -j4 -l4
[2.278s] [ 16%] [32mBuilding CXX object CMakeFiles/demo03_point_tf_broadcaster.dir/src/demo03_point_tf_broadcaster.cpp.o[0m
[2.298s] [ 50%] Built target demo01_static_tf_broadcaster
[2.304s] [ 83%] Built target demo02_dynamic_tf_broadcaster
[7.278s] [100%] [32m[1mLinking CXX executable demo03_point_tf_broadcaster[0m
[7.849s] [100%] Built target demo03_point_tf_broadcaster
[7.869s] Invoked command in '/home/haixin/ws02_tools/build/cpp03_tf_broadcaster' returned '0': CMAKE_PREFIX_PATH=${CMAKE_PREFIX_PATH}:/opt/ros/jazzy /usr/bin/cmake --build /home/haixin/ws02_tools/build/cpp03_tf_broadcaster -- -j4 -l4
[7.887s] Invoking command in '/home/haixin/ws02_tools/build/cpp03_tf_broadcaster': CMAKE_PREFIX_PATH=${CMAKE_PREFIX_PATH}:/opt/ros/jazzy /usr/bin/cmake --install /home/haixin/ws02_tools/build/cpp03_tf_broadcaster
[7.901s] -- Install configuration: ""
[7.903s] -- Up-to-date: /home/haixin/ws02_tools/install/cpp03_tf_broadcaster/lib/cpp03_tf_broadcaster/demo01_static_tf_broadcaster
[7.905s] -- Up-to-date: /home/haixin/ws02_tools/install/cpp03_tf_broadcaster/lib/cpp03_tf_broadcaster/demo02_dynamic_tf_broadcaster
[7.905s] -- Installing: /home/haixin/ws02_tools/install/cpp03_tf_broadcaster/lib/cpp03_tf_broadcaster/demo03_point_tf_broadcaster
[7.906s] -- Set non-toolchain portion of runtime path of "/home/haixin/ws02_tools/install/cpp03_tf_broadcaster/lib/cpp03_tf_broadcaster/demo03_point_tf_broadcaster" to ""
[7.906s] -- Up-to-date: /home/haixin/ws02_tools/install/cpp03_tf_broadcaster/share/ament_index/resource_index/package_run_dependencies/cpp03_tf_broadcaster
[7.906s] -- Up-to-date: /home/haixin/ws02_tools/install/cpp03_tf_broadcaster/share/ament_index/resource_index/parent_prefix_path/cpp03_tf_broadcaster
[7.906s] -- Up-to-date: /home/haixin/ws02_tools/install/cpp03_tf_broadcaster/share/cpp03_tf_broadcaster/environment/ament_prefix_path.sh
[7.907s] -- Up-to-date: /home/haixin/ws02_tools/install/cpp03_tf_broadcaster/share/cpp03_tf_broadcaster/environment/ament_prefix_path.dsv
[7.907s] -- Up-to-date: /home/haixin/ws02_tools/install/cpp03_tf_broadcaster/share/cpp03_tf_broadcaster/environment/path.sh
[7.907s] -- Up-to-date: /home/haixin/ws02_tools/install/cpp03_tf_broadcaster/share/cpp03_tf_broadcaster/environment/path.dsv
[7.907s] -- Up-to-date: /home/haixin/ws02_tools/install/cpp03_tf_broadcaster/share/cpp03_tf_broadcaster/local_setup.bash
[7.907s] -- Up-to-date: /home/haixin/ws02_tools/install/cpp03_tf_broadcaster/share/cpp03_tf_broadcaster/local_setup.sh
[7.907s] -- Up-to-date: /home/haixin/ws02_tools/install/cpp03_tf_broadcaster/share/cpp03_tf_broadcaster/local_setup.zsh
[7.907s] -- Up-to-date: /home/haixin/ws02_tools/install/cpp03_tf_broadcaster/share/cpp03_tf_broadcaster/local_setup.dsv
[7.907s] -- Installing: /home/haixin/ws02_tools/install/cpp03_tf_broadcaster/share/cpp03_tf_broadcaster/package.dsv
[7.907s] -- Up-to-date: /home/haixin/ws02_tools/install/cpp03_tf_broadcaster/share/ament_index/resource_index/packages/cpp03_tf_broadcaster
[7.907s] -- Up-to-date: /home/haixin/ws02_tools/install/cpp03_tf_broadcaster/share/cpp03_tf_broadcaster/cmake/cpp03_tf_broadcasterConfig.cmake
[7.908s] -- Up-to-date: /home/haixin/ws02_tools/install/cpp03_tf_broadcaster/share/cpp03_tf_broadcaster/cmake/cpp03_tf_broadcasterConfig-version.cmake
[7.908s] -- Up-to-date: /home/haixin/ws02_tools/install/cpp03_tf_broadcaster/share/cpp03_tf_broadcaster/package.xml
[7.910s] Invoked command in '/home/haixin/ws02_tools/build/cpp03_tf_broadcaster' returned '0': CMAKE_PREFIX_PATH=${CMAKE_PREFIX_PATH}:/opt/ros/jazzy /usr/bin/cmake --install /home/haixin/ws02_tools/build/cpp03_tf_broadcaster
