[0.017s] Invoking command in '/home/haixin/ws02_tools/build/cpp01_launch': CMAKE_PREFIX_PATH=${CMAKE_PREFIX_PATH}:/opt/ros/jazzy /usr/bin/cmake /home/haixin/ws02_tools/src/cpp01_launch -DCMAKE_INSTALL_PREFIX=/home/haixin/ws02_tools/install/cpp01_launch
[0.039s] -- Found ament_cmake: 2.5.4 (/opt/ros/jazzy/share/ament_cmake/cmake)
[0.371s] -- Found rclcpp: 28.1.10 (/opt/ros/jazzy/share/rclcpp/cmake)
[0.401s] -- Found rosidl_generator_c: 4.6.5 (/opt/ros/jazzy/share/rosidl_generator_c/cmake)
[0.414s] -- Found rosidl_generator_cpp: 4.6.5 (/opt/ros/jazzy/share/rosidl_generator_cpp/cmake)
[0.430s] -- Using all available rosidl_typesupport_c: rosidl_typesupport_fastrtps_c;rosidl_typesupport_introspection_c
[0.449s] -- Using all available rosidl_typesupport_cpp: rosidl_typesupport_fastrtps_cpp;rosidl_typesupport_introspection_cpp
[0.530s] -- Found rmw_implementation_cmake: 7.3.2 (/opt/ros/jazzy/share/rmw_implementation_cmake/cmake)
[0.533s] -- Found rmw_fastrtps_cpp: 8.4.2 (/opt/ros/jazzy/share/rmw_fastrtps_cpp/cmake)
[0.619s] -- Using RMW implementation 'rmw_fastrtps_cpp' as default
[0.698s] -- Found ament_lint_auto: 0.17.2 (/opt/ros/jazzy/share/ament_lint_auto/cmake)
[0.858s] -- Added test 'lint_cmake' to check CMake code style
[0.860s] -- Added test 'xmllint' to check XML markup files
[0.861s] -- Configuring done (0.8s)
[0.869s] -- Generating done (0.0s)
[0.881s] -- Build files have been written to: /home/haixin/ws02_tools/build/cpp01_launch
[0.894s] Invoked command in '/home/haixin/ws02_tools/build/cpp01_launch' returned '0': CMAKE_PREFIX_PATH=${CMAKE_PREFIX_PATH}:/opt/ros/jazzy /usr/bin/cmake /home/haixin/ws02_tools/src/cpp01_launch -DCMAKE_INSTALL_PREFIX=/home/haixin/ws02_tools/install/cpp01_launch
[0.897s] Invoking command in '/home/haixin/ws02_tools/build/cpp01_launch': CMAKE_PREFIX_PATH=${CMAKE_PREFIX_PATH}:/opt/ros/jazzy /usr/bin/cmake --build /home/haixin/ws02_tools/build/cpp01_launch -- -j4 -l4
[0.969s] Invoked command in '/home/haixin/ws02_tools/build/cpp01_launch' returned '0': CMAKE_PREFIX_PATH=${CMAKE_PREFIX_PATH}:/opt/ros/jazzy /usr/bin/cmake --build /home/haixin/ws02_tools/build/cpp01_launch -- -j4 -l4
[0.987s] Invoking command in '/home/haixin/ws02_tools/build/cpp01_launch': CMAKE_PREFIX_PATH=${CMAKE_PREFIX_PATH}:/opt/ros/jazzy /usr/bin/cmake --install /home/haixin/ws02_tools/build/cpp01_launch
[1.001s] -- Install configuration: ""
[1.002s] -- Up-to-date: /home/haixin/ws02_tools/install/cpp01_launch/share/cpp01_launch/launch
[1.002s] -- Up-to-date: /home/haixin/ws02_tools/install/cpp01_launch/share/cpp01_launch/launch/py
[1.002s] -- Up-to-date: /home/haixin/ws02_tools/install/cpp01_launch/share/cpp01_launch/launch/yaml
[1.002s] -- Up-to-date: /home/haixin/ws02_tools/install/cpp01_launch/share/cpp01_launch/launch/xml
[1.002s] -- Up-to-date: /home/haixin/ws02_tools/install/cpp01_launch/share/ament_index/resource_index/package_run_dependencies/cpp01_launch
[1.002s] -- Up-to-date: /home/haixin/ws02_tools/install/cpp01_launch/share/ament_index/resource_index/parent_prefix_path/cpp01_launch
[1.002s] -- Up-to-date: /home/haixin/ws02_tools/install/cpp01_launch/share/cpp01_launch/environment/ament_prefix_path.sh
[1.003s] -- Up-to-date: /home/haixin/ws02_tools/install/cpp01_launch/share/cpp01_launch/environment/ament_prefix_path.dsv
[1.003s] -- Up-to-date: /home/haixin/ws02_tools/install/cpp01_launch/share/cpp01_launch/environment/path.sh
[1.003s] -- Up-to-date: /home/haixin/ws02_tools/install/cpp01_launch/share/cpp01_launch/environment/path.dsv
[1.003s] -- Up-to-date: /home/haixin/ws02_tools/install/cpp01_launch/share/cpp01_launch/local_setup.bash
[1.003s] -- Up-to-date: /home/haixin/ws02_tools/install/cpp01_launch/share/cpp01_launch/local_setup.sh
[1.003s] -- Up-to-date: /home/haixin/ws02_tools/install/cpp01_launch/share/cpp01_launch/local_setup.zsh
[1.003s] -- Up-to-date: /home/haixin/ws02_tools/install/cpp01_launch/share/cpp01_launch/local_setup.dsv
[1.003s] -- Up-to-date: /home/haixin/ws02_tools/install/cpp01_launch/share/cpp01_launch/package.dsv
[1.003s] -- Up-to-date: /home/haixin/ws02_tools/install/cpp01_launch/share/ament_index/resource_index/packages/cpp01_launch
[1.003s] -- Up-to-date: /home/haixin/ws02_tools/install/cpp01_launch/share/cpp01_launch/cmake/cpp01_launchConfig.cmake
[1.004s] -- Up-to-date: /home/haixin/ws02_tools/install/cpp01_launch/share/cpp01_launch/cmake/cpp01_launchConfig-version.cmake
[1.004s] -- Up-to-date: /home/haixin/ws02_tools/install/cpp01_launch/share/cpp01_launch/package.xml
[1.006s] Invoked command in '/home/haixin/ws02_tools/build/cpp01_launch' returned '0': CMAKE_PREFIX_PATH=${CMAKE_PREFIX_PATH}:/opt/ros/jazzy /usr/bin/cmake --install /home/haixin/ws02_tools/build/cpp01_launch
