[0.028s] Invoking command in '/home/haixin/ws02_tools/build/cpp03_tf_broadcaster': CMAKE_PREFIX_PATH=${CMAKE_PREFIX_PATH}:/opt/ros/jazzy /usr/bin/cmake /home/haixin/ws02_tools/src/cpp03_tf_broadcaster -DCMAKE_EXPORT_COMPILE_COMMANDS=ON -DCMAKE_INSTALL_PREFIX=/home/haixin/ws02_tools/install/cpp03_tf_broadcaster
[0.615s] -- The C compiler identification is GNU 13.3.0
[0.881s] -- The CXX compiler identification is GNU 13.3.0
[0.928s] -- Detecting C compiler ABI info
[1.132s] -- Detecting C compiler ABI info - done
[1.147s] -- Check for working C compiler: /usr/bin/cc - skipped
[1.148s] -- Detecting C compile features
[1.149s] -- Detecting C compile features - done
[1.167s] -- Detecting CXX compiler ABI info
[1.343s] -- Detecting CXX compiler ABI info - done
[1.359s] -- Check for working CXX compiler: /usr/bin/c++ - skipped
[1.359s] -- Detecting CXX compile features
[1.360s] -- Detecting CXX compile features - done
[1.371s] -- Found ament_cmake: 2.5.4 (/opt/ros/jazzy/share/ament_cmake/cmake)
[1.623s] -- Found Python3: /usr/bin/python3 (found version "3.12.3") found components: Interpreter 
[1.875s] -- Found rclcpp: 28.1.10 (/opt/ros/jazzy/share/rclcpp/cmake)
[1.989s] -- Found rosidl_generator_c: 4.6.5 (/opt/ros/jazzy/share/rosidl_generator_c/cmake)
[2.027s] -- Found rosidl_generator_cpp: 4.6.5 (/opt/ros/jazzy/share/rosidl_generator_cpp/cmake)
[2.083s] -- Using all available rosidl_typesupport_c: rosidl_typesupport_fastrtps_c;rosidl_typesupport_introspection_c
[2.133s] -- Using all available rosidl_typesupport_cpp: rosidl_typesupport_fastrtps_cpp;rosidl_typesupport_introspection_cpp
[2.330s] -- Found rmw_implementation_cmake: 7.3.2 (/opt/ros/jazzy/share/rmw_implementation_cmake/cmake)
[2.340s] -- Found rmw_fastrtps_cpp: 8.4.2 (/opt/ros/jazzy/share/rmw_fastrtps_cpp/cmake)
[2.538s] -- Found OpenSSL: /usr/lib/aarch64-linux-gnu/libcrypto.so (found version "3.0.13")  
[2.567s] -- Found FastRTPS: /opt/ros/jazzy/include (Required is at least version "2.13") 
[2.603s] -- Using RMW implementation 'rmw_fastrtps_cpp' as default
[2.789s] -- Found tf2: 0.36.12 (/opt/ros/jazzy/share/tf2/cmake)
[2.890s] -- Found tf2_ros: 0.36.12 (/opt/ros/jazzy/share/tf2_ros/cmake)
[3.181s] -- Found turtlesim: 1.8.3 (/opt/ros/jazzy/share/turtlesim/cmake)
[3.240s] -- Found ament_lint_auto: 0.17.2 (/opt/ros/jazzy/share/ament_lint_auto/cmake)
[3.452s] -- Added test 'cppcheck' to perform static code analysis on C / C++ code
[3.452s] -- Configured cppcheck include dirs: $<BUILD_INTERFACE:/home/haixin/ws02_tools/src/cpp03_tf_broadcaster/include>
[3.452s] -- Configured cppcheck exclude dirs and/or files: 
[3.455s] -- Added test 'lint_cmake' to check CMake code style
[3.458s] -- Added test 'uncrustify' to check C / C++ code style
[3.458s] -- Configured uncrustify additional arguments: 
[3.460s] -- Added test 'xmllint' to check XML markup files
[3.464s] -- Configuring done (3.2s)
[3.489s] -- Generating done (0.0s)
[3.496s] -- Build files have been written to: /home/haixin/ws02_tools/build/cpp03_tf_broadcaster
[3.517s] Invoked command in '/home/haixin/ws02_tools/build/cpp03_tf_broadcaster' returned '0': CMAKE_PREFIX_PATH=${CMAKE_PREFIX_PATH}:/opt/ros/jazzy /usr/bin/cmake /home/haixin/ws02_tools/src/cpp03_tf_broadcaster -DCMAKE_EXPORT_COMPILE_COMMANDS=ON -DCMAKE_INSTALL_PREFIX=/home/haixin/ws02_tools/install/cpp03_tf_broadcaster
[3.519s] Invoking command in '/home/haixin/ws02_tools/build/cpp03_tf_broadcaster': CMAKE_PREFIX_PATH=${CMAKE_PREFIX_PATH}:/opt/ros/jazzy /usr/bin/cmake --build /home/haixin/ws02_tools/build/cpp03_tf_broadcaster -- -j4 -l4
[3.606s] [ 50%] [32mBuilding CXX object CMakeFiles/demo01_static_tf_broadcaster.dir/src/demo01_static_tf_broadcaster.cpp.o[0m
[8.817s] [100%] [32m[1mLinking CXX executable demo01_static_tf_broadcaster[0m
[9.383s] [100%] Built target demo01_static_tf_broadcaster
[9.404s] Invoked command in '/home/haixin/ws02_tools/build/cpp03_tf_broadcaster' returned '0': CMAKE_PREFIX_PATH=${CMAKE_PREFIX_PATH}:/opt/ros/jazzy /usr/bin/cmake --build /home/haixin/ws02_tools/build/cpp03_tf_broadcaster -- -j4 -l4
[9.421s] Invoking command in '/home/haixin/ws02_tools/build/cpp03_tf_broadcaster': CMAKE_PREFIX_PATH=${CMAKE_PREFIX_PATH}:/opt/ros/jazzy /usr/bin/cmake --install /home/haixin/ws02_tools/build/cpp03_tf_broadcaster
[9.436s] -- Install configuration: ""
[9.436s] -- Installing: /home/haixin/ws02_tools/install/cpp03_tf_broadcaster/lib/cpp03_tf_broadcaster/demo01_static_tf_broadcaster
[9.436s] -- Set non-toolchain portion of runtime path of "/home/haixin/ws02_tools/install/cpp03_tf_broadcaster/lib/cpp03_tf_broadcaster/demo01_static_tf_broadcaster" to ""
[9.436s] -- Installing: /home/haixin/ws02_tools/install/cpp03_tf_broadcaster/share/ament_index/resource_index/package_run_dependencies/cpp03_tf_broadcaster
[9.437s] -- Installing: /home/haixin/ws02_tools/install/cpp03_tf_broadcaster/share/ament_index/resource_index/parent_prefix_path/cpp03_tf_broadcaster
[9.437s] -- Installing: /home/haixin/ws02_tools/install/cpp03_tf_broadcaster/share/cpp03_tf_broadcaster/environment/ament_prefix_path.sh
[9.437s] -- Installing: /home/haixin/ws02_tools/install/cpp03_tf_broadcaster/share/cpp03_tf_broadcaster/environment/ament_prefix_path.dsv
[9.437s] -- Installing: /home/haixin/ws02_tools/install/cpp03_tf_broadcaster/share/cpp03_tf_broadcaster/environment/path.sh
[9.437s] -- Installing: /home/haixin/ws02_tools/install/cpp03_tf_broadcaster/share/cpp03_tf_broadcaster/environment/path.dsv
[9.438s] -- Installing: /home/haixin/ws02_tools/install/cpp03_tf_broadcaster/share/cpp03_tf_broadcaster/local_setup.bash
[9.438s] -- Installing: /home/haixin/ws02_tools/install/cpp03_tf_broadcaster/share/cpp03_tf_broadcaster/local_setup.sh
[9.438s] -- Installing: /home/haixin/ws02_tools/install/cpp03_tf_broadcaster/share/cpp03_tf_broadcaster/local_setup.zsh
[9.438s] -- Installing: /home/haixin/ws02_tools/install/cpp03_tf_broadcaster/share/cpp03_tf_broadcaster/local_setup.dsv
[9.439s] -- Installing: /home/haixin/ws02_tools/install/cpp03_tf_broadcaster/share/cpp03_tf_broadcaster/package.dsv
[9.439s] -- Installing: /home/haixin/ws02_tools/install/cpp03_tf_broadcaster/share/ament_index/resource_index/packages/cpp03_tf_broadcaster
[9.439s] -- Installing: /home/haixin/ws02_tools/install/cpp03_tf_broadcaster/share/cpp03_tf_broadcaster/cmake/cpp03_tf_broadcasterConfig.cmake
[9.439s] -- Installing: /home/haixin/ws02_tools/install/cpp03_tf_broadcaster/share/cpp03_tf_broadcaster/cmake/cpp03_tf_broadcasterConfig-version.cmake
[9.439s] -- Installing: /home/haixin/ws02_tools/install/cpp03_tf_broadcaster/share/cpp03_tf_broadcaster/package.xml
[9.443s] Invoked command in '/home/haixin/ws02_tools/build/cpp03_tf_broadcaster' returned '0': CMAKE_PREFIX_PATH=${CMAKE_PREFIX_PATH}:/opt/ros/jazzy /usr/bin/cmake --install /home/haixin/ws02_tools/build/cpp03_tf_broadcaster
