[0.027s] Invoking command in '/home/haixin/ws02_tools/build/cpp01_launch': CMAKE_PREFIX_PATH=${CMAKE_PREFIX_PATH}:/opt/ros/jazzy /usr/bin/cmake --build /home/haixin/ws02_tools/build/cpp01_launch -- -j4 -l4
[0.267s] Invoked command in '/home/haixin/ws02_tools/build/cpp01_launch' returned '0': CMAKE_PREFIX_PATH=${CMAKE_PREFIX_PATH}:/opt/ros/jazzy /usr/bin/cmake --build /home/haixin/ws02_tools/build/cpp01_launch -- -j4 -l4
[0.288s] Invoking command in '/home/haixin/ws02_tools/build/cpp01_launch': CMAKE_PREFIX_PATH=${CMAKE_PREFIX_PATH}:/opt/ros/jazzy /usr/bin/cmake --install /home/haixin/ws02_tools/build/cpp01_launch
[0.302s] -- Install configuration: ""
[0.302s] -- Up-to-date: /home/haixin/ws02_tools/install/cpp01_launch/share/cpp01_launch/launch
[0.302s] -- Up-to-date: /home/haixin/ws02_tools/install/cpp01_launch/share/cpp01_launch/launch/py
[0.302s] -- Up-to-date: /home/haixin/ws02_tools/install/cpp01_launch/share/cpp01_launch/launch/py/py06_group_launch.py
[0.303s] -- Up-to-date: /home/haixin/ws02_tools/install/cpp01_launch/share/cpp01_launch/launch/py/py04_args_launch.py
[0.303s] -- Up-to-date: /home/haixin/ws02_tools/install/cpp01_launch/share/cpp01_launch/launch/py/py03_cmd_launch.py
[0.303s] -- Up-to-date: /home/haixin/ws02_tools/install/cpp01_launch/share/cpp01_launch/launch/py/py07_event_launch.py
[0.303s] -- Up-to-date: /home/haixin/ws02_tools/install/cpp01_launch/share/cpp01_launch/launch/py/py01_helloworld_launch.py
[0.303s] -- Up-to-date: /home/haixin/ws02_tools/install/cpp01_launch/share/cpp01_launch/launch/py/py05_include_launch.py
[0.303s] -- Up-to-date: /home/haixin/ws02_tools/install/cpp01_launch/share/cpp01_launch/launch/py/py02_node_launch.py
[0.303s] -- Up-to-date: /home/haixin/ws02_tools/install/cpp01_launch/share/cpp01_launch/launch/yaml
[0.303s] -- Installing: /home/haixin/ws02_tools/install/cpp01_launch/share/cpp01_launch/launch/yaml/yaml02_node_launch.yaml
[0.303s] -- Installing: /home/haixin/ws02_tools/install/cpp01_launch/share/cpp01_launch/launch/yaml/yaml05_include_launch.yaml
[0.303s] -- Installing: /home/haixin/ws02_tools/install/cpp01_launch/share/cpp01_launch/launch/yaml/yaml03_cmd_launch.yaml
[0.304s] -- Installing: /home/haixin/ws02_tools/install/cpp01_launch/share/cpp01_launch/launch/yaml/yaml06_group_launch.yaml
[0.304s] -- Up-to-date: /home/haixin/ws02_tools/install/cpp01_launch/share/cpp01_launch/launch/yaml/yaml01_helloworld_launch.yaml
[0.304s] -- Installing: /home/haixin/ws02_tools/install/cpp01_launch/share/cpp01_launch/launch/yaml/yaml04_args_launch.yaml
[0.304s] -- Up-to-date: /home/haixin/ws02_tools/install/cpp01_launch/share/cpp01_launch/launch/xml
[0.304s] -- Installing: /home/haixin/ws02_tools/install/cpp01_launch/share/cpp01_launch/launch/xml/xml05_include_launch.xml
[0.305s] -- Up-to-date: /home/haixin/ws02_tools/install/cpp01_launch/share/cpp01_launch/launch/xml/xml02_node_launch.xml
[0.305s] -- Up-to-date: /home/haixin/ws02_tools/install/cpp01_launch/share/cpp01_launch/launch/xml/xml01_helloworld_launch.xml
[0.305s] -- Installing: /home/haixin/ws02_tools/install/cpp01_launch/share/cpp01_launch/launch/xml/xml04_args_launch.xml
[0.305s] -- Installing: /home/haixin/ws02_tools/install/cpp01_launch/share/cpp01_launch/launch/xml/xml03_cmd_launch.xml
[0.305s] -- Installing: /home/haixin/ws02_tools/install/cpp01_launch/share/cpp01_launch/launch/xml/xml06_group_launch.xml
[0.305s] -- Up-to-date: /home/haixin/ws02_tools/install/cpp01_launch/share/cpp01_launch/config
[0.305s] -- Up-to-date: /home/haixin/ws02_tools/install/cpp01_launch/share/cpp01_launch/config/haha.yaml
[0.306s] -- Up-to-date: /home/haixin/ws02_tools/install/cpp01_launch/share/cpp01_launch/config/xixi.yaml
[0.306s] -- Installing: /home/haixin/ws02_tools/install/cpp01_launch/share/cpp01_launch/config/gaga.yaml
[0.306s] -- Up-to-date: /home/haixin/ws02_tools/install/cpp01_launch/share/ament_index/resource_index/package_run_dependencies/cpp01_launch
[0.307s] -- Up-to-date: /home/haixin/ws02_tools/install/cpp01_launch/share/ament_index/resource_index/parent_prefix_path/cpp01_launch
[0.307s] -- Up-to-date: /home/haixin/ws02_tools/install/cpp01_launch/share/cpp01_launch/environment/ament_prefix_path.sh
[0.307s] -- Up-to-date: /home/haixin/ws02_tools/install/cpp01_launch/share/cpp01_launch/environment/ament_prefix_path.dsv
[0.307s] -- Up-to-date: /home/haixin/ws02_tools/install/cpp01_launch/share/cpp01_launch/environment/path.sh
[0.307s] -- Up-to-date: /home/haixin/ws02_tools/install/cpp01_launch/share/cpp01_launch/environment/path.dsv
[0.307s] -- Up-to-date: /home/haixin/ws02_tools/install/cpp01_launch/share/cpp01_launch/local_setup.bash
[0.308s] -- Up-to-date: /home/haixin/ws02_tools/install/cpp01_launch/share/cpp01_launch/local_setup.sh
[0.308s] -- Up-to-date: /home/haixin/ws02_tools/install/cpp01_launch/share/cpp01_launch/local_setup.zsh
[0.308s] -- Up-to-date: /home/haixin/ws02_tools/install/cpp01_launch/share/cpp01_launch/local_setup.dsv
[0.308s] -- Installing: /home/haixin/ws02_tools/install/cpp01_launch/share/cpp01_launch/package.dsv
[0.308s] -- Up-to-date: /home/haixin/ws02_tools/install/cpp01_launch/share/ament_index/resource_index/packages/cpp01_launch
[0.308s] -- Up-to-date: /home/haixin/ws02_tools/install/cpp01_launch/share/cpp01_launch/cmake/cpp01_launchConfig.cmake
[0.308s] -- Up-to-date: /home/haixin/ws02_tools/install/cpp01_launch/share/cpp01_launch/cmake/cpp01_launchConfig-version.cmake
[0.308s] -- Up-to-date: /home/haixin/ws02_tools/install/cpp01_launch/share/cpp01_launch/package.xml
[0.311s] Invoked command in '/home/haixin/ws02_tools/build/cpp01_launch' returned '0': CMAKE_PREFIX_PATH=${CMAKE_PREFIX_PATH}:/opt/ros/jazzy /usr/bin/cmake --install /home/haixin/ws02_tools/build/cpp01_launch
