[0.134s] DEBUG:colcon:Command line arguments: ['/usr/bin/colcon', 'build', '--packages-select', 'cpp02_rosbag']
[0.134s] DEBUG:colcon:Parsed command line arguments: Namespace(log_base=None, log_level=None, verb_name='build', build_base='build', install_base='install', merge_install=False, symlink_install=False, test_result_base=None, continue_on_error=False, executor='parallel', parallel_workers=4, event_handlers=None, ignore_user_meta=False, metas=['./colcon.meta'], base_paths=['.'], packages_ignore=None, packages_ignore_regex=None, paths=None, packages_up_to=None, packages_up_to_regex=None, packages_above=None, packages_above_and_dependencies=None, packages_above_depth=None, packages_select_by_dep=None, packages_skip_by_dep=None, packages_skip_up_to=None, packages_select_build_failed=False, packages_skip_build_finished=False, packages_select_test_failures=False, packages_skip_test_passed=False, packages_select=['cpp02_rosbag'], packages_skip=None, packages_select_regex=None, packages_skip_regex=None, packages_start=None, packages_end=None, allow_overriding=[], cmake_args=None, cmake_target=None, cmake_target_skip_unavailable=False, cmake_clean_cache=False, cmake_clean_first=False, cmake_force_configure=False, ament_cmake_args=None, catkin_cmake_args=None, catkin_skip_building_tests=False, verb_parser=<colcon_defaults.argument_parser.defaults.DefaultArgumentsDecorator object at 0xffff925342f0>, verb_extension=<colcon_core.verb.build.BuildVerb object at 0xffff92826510>, main=<bound method BuildVerb.main of <colcon_core.verb.build.BuildVerb object at 0xffff92826510>>)
[0.190s] Level 1:colcon.colcon_core.package_discovery:discover_packages(colcon_meta) check parameters
[0.190s] Level 1:colcon.colcon_core.package_discovery:discover_packages(recursive) check parameters
[0.190s] Level 1:colcon.colcon_core.package_discovery:discover_packages(ignore) check parameters
[0.190s] Level 1:colcon.colcon_core.package_discovery:discover_packages(path) check parameters
[0.190s] Level 1:colcon.colcon_core.package_discovery:discover_packages(colcon_meta) discover
[0.190s] Level 1:colcon.colcon_core.package_discovery:discover_packages(recursive) discover
[0.190s] INFO:colcon.colcon_core.package_discovery:Crawling recursively for packages in '/home/haixin/ws02_tools'
[0.191s] Level 1:colcon.colcon_core.package_identification:_identify(.) by extensions ['ignore', 'ignore_ament_install']
[0.191s] Level 1:colcon.colcon_core.package_identification:_identify(.) by extension 'ignore'
[0.191s] Level 1:colcon.colcon_core.package_identification:_identify(.) by extension 'ignore_ament_install'
[0.191s] Level 1:colcon.colcon_core.package_identification:_identify(.) by extensions ['colcon_pkg']
[0.191s] Level 1:colcon.colcon_core.package_identification:_identify(.) by extension 'colcon_pkg'
[0.191s] Level 1:colcon.colcon_core.package_identification:_identify(.) by extensions ['colcon_meta']
[0.191s] Level 1:colcon.colcon_core.package_identification:_identify(.) by extension 'colcon_meta'
[0.191s] Level 1:colcon.colcon_core.package_identification:_identify(.) by extensions ['ros']
[0.191s] Level 1:colcon.colcon_core.package_identification:_identify(.) by extension 'ros'
[0.227s] Level 1:colcon.colcon_core.package_identification:_identify(.) by extensions ['cmake', 'python']
[0.227s] Level 1:colcon.colcon_core.package_identification:_identify(.) by extension 'cmake'
[0.227s] Level 1:colcon.colcon_core.package_identification:_identify(.) by extension 'python'
[0.228s] Level 1:colcon.colcon_core.package_identification:_identify(.) by extensions ['python_setup_py']
[0.228s] Level 1:colcon.colcon_core.package_identification:_identify(.) by extension 'python_setup_py'
[0.228s] Level 1:colcon.colcon_core.package_identification:_identify(build) by extensions ['ignore', 'ignore_ament_install']
[0.228s] Level 1:colcon.colcon_core.package_identification:_identify(build) by extension 'ignore'
[0.228s] Level 1:colcon.colcon_core.package_identification:_identify(build) ignored
[0.228s] Level 1:colcon.colcon_core.package_identification:_identify(install) by extensions ['ignore', 'ignore_ament_install']
[0.228s] Level 1:colcon.colcon_core.package_identification:_identify(install) by extension 'ignore'
[0.229s] Level 1:colcon.colcon_core.package_identification:_identify(install) ignored
[0.229s] Level 1:colcon.colcon_core.package_identification:_identify(log) by extensions ['ignore', 'ignore_ament_install']
[0.229s] Level 1:colcon.colcon_core.package_identification:_identify(log) by extension 'ignore'
[0.229s] Level 1:colcon.colcon_core.package_identification:_identify(log) ignored
[0.229s] Level 1:colcon.colcon_core.package_identification:_identify(src) by extensions ['ignore', 'ignore_ament_install']
[0.229s] Level 1:colcon.colcon_core.package_identification:_identify(src) by extension 'ignore'
[0.229s] Level 1:colcon.colcon_core.package_identification:_identify(src) by extension 'ignore_ament_install'
[0.229s] Level 1:colcon.colcon_core.package_identification:_identify(src) by extensions ['colcon_pkg']
[0.229s] Level 1:colcon.colcon_core.package_identification:_identify(src) by extension 'colcon_pkg'
[0.229s] Level 1:colcon.colcon_core.package_identification:_identify(src) by extensions ['colcon_meta']
[0.230s] Level 1:colcon.colcon_core.package_identification:_identify(src) by extension 'colcon_meta'
[0.230s] Level 1:colcon.colcon_core.package_identification:_identify(src) by extensions ['ros']
[0.230s] Level 1:colcon.colcon_core.package_identification:_identify(src) by extension 'ros'
[0.230s] Level 1:colcon.colcon_core.package_identification:_identify(src) by extensions ['cmake', 'python']
[0.230s] Level 1:colcon.colcon_core.package_identification:_identify(src) by extension 'cmake'
[0.230s] Level 1:colcon.colcon_core.package_identification:_identify(src) by extension 'python'
[0.230s] Level 1:colcon.colcon_core.package_identification:_identify(src) by extensions ['python_setup_py']
[0.230s] Level 1:colcon.colcon_core.package_identification:_identify(src) by extension 'python_setup_py'
[0.230s] Level 1:colcon.colcon_core.package_identification:_identify(src/cpp01_launch) by extensions ['ignore', 'ignore_ament_install']
[0.230s] Level 1:colcon.colcon_core.package_identification:_identify(src/cpp01_launch) by extension 'ignore'
[0.230s] Level 1:colcon.colcon_core.package_identification:_identify(src/cpp01_launch) by extension 'ignore_ament_install'
[0.231s] Level 1:colcon.colcon_core.package_identification:_identify(src/cpp01_launch) by extensions ['colcon_pkg']
[0.231s] Level 1:colcon.colcon_core.package_identification:_identify(src/cpp01_launch) by extension 'colcon_pkg'
[0.231s] Level 1:colcon.colcon_core.package_identification:_identify(src/cpp01_launch) by extensions ['colcon_meta']
[0.231s] Level 1:colcon.colcon_core.package_identification:_identify(src/cpp01_launch) by extension 'colcon_meta'
[0.231s] Level 1:colcon.colcon_core.package_identification:_identify(src/cpp01_launch) by extensions ['ros']
[0.231s] Level 1:colcon.colcon_core.package_identification:_identify(src/cpp01_launch) by extension 'ros'
[0.238s] DEBUG:colcon.colcon_core.package_identification:Package 'src/cpp01_launch' with type 'ros.ament_cmake' and name 'cpp01_launch'
[0.238s] Level 1:colcon.colcon_core.package_identification:_identify(src/cpp02_rosbag) by extensions ['ignore', 'ignore_ament_install']
[0.239s] Level 1:colcon.colcon_core.package_identification:_identify(src/cpp02_rosbag) by extension 'ignore'
[0.239s] Level 1:colcon.colcon_core.package_identification:_identify(src/cpp02_rosbag) by extension 'ignore_ament_install'
[0.239s] Level 1:colcon.colcon_core.package_identification:_identify(src/cpp02_rosbag) by extensions ['colcon_pkg']
[0.239s] Level 1:colcon.colcon_core.package_identification:_identify(src/cpp02_rosbag) by extension 'colcon_pkg'
[0.239s] Level 1:colcon.colcon_core.package_identification:_identify(src/cpp02_rosbag) by extensions ['colcon_meta']
[0.239s] Level 1:colcon.colcon_core.package_identification:_identify(src/cpp02_rosbag) by extension 'colcon_meta'
[0.239s] Level 1:colcon.colcon_core.package_identification:_identify(src/cpp02_rosbag) by extensions ['ros']
[0.239s] Level 1:colcon.colcon_core.package_identification:_identify(src/cpp02_rosbag) by extension 'ros'
[0.240s] DEBUG:colcon.colcon_core.package_identification:Package 'src/cpp02_rosbag' with type 'ros.ament_cmake' and name 'cpp02_rosbag'
[0.240s] Level 1:colcon.colcon_core.package_discovery:discover_packages(recursive) using defaults
[0.240s] Level 1:colcon.colcon_core.package_discovery:discover_packages(ignore) discover
[0.240s] Level 1:colcon.colcon_core.package_discovery:discover_packages(ignore) using defaults
[0.240s] Level 1:colcon.colcon_core.package_discovery:discover_packages(path) discover
[0.240s] Level 1:colcon.colcon_core.package_discovery:discover_packages(path) using defaults
[0.263s] INFO:colcon.colcon_core.package_selection:Skipping not selected package 'cpp01_launch' in 'src/cpp01_launch'
[0.264s] Level 1:colcon.colcon_core.package_discovery:discover_packages(prefix_path) check parameters
[0.264s] Level 1:colcon.colcon_core.package_discovery:discover_packages(prefix_path) discover
[0.266s] DEBUG:colcon.colcon_installed_package_information.package_discovery:Found 2 installed packages in /home/haixin/ws02_tools/install
[0.267s] DEBUG:colcon.colcon_installed_package_information.package_discovery:Found 9 installed packages in /home/haixin/ws01_plumbing/install
[0.269s] DEBUG:colcon.colcon_installed_package_information.package_discovery:Found 193 installed packages in /opt/ros/jazzy
[0.269s] Level 1:colcon.colcon_core.package_discovery:discover_packages(prefix_path) using defaults
[0.309s] Level 5:colcon.colcon_core.verb:set package 'cpp02_rosbag' build argument 'cmake_args' from command line to 'None'
[0.309s] Level 5:colcon.colcon_core.verb:set package 'cpp02_rosbag' build argument 'cmake_target' from command line to 'None'
[0.310s] Level 5:colcon.colcon_core.verb:set package 'cpp02_rosbag' build argument 'cmake_target_skip_unavailable' from command line to 'False'
[0.310s] Level 5:colcon.colcon_core.verb:set package 'cpp02_rosbag' build argument 'cmake_clean_cache' from command line to 'False'
[0.310s] Level 5:colcon.colcon_core.verb:set package 'cpp02_rosbag' build argument 'cmake_clean_first' from command line to 'False'
[0.310s] Level 5:colcon.colcon_core.verb:set package 'cpp02_rosbag' build argument 'cmake_force_configure' from command line to 'False'
[0.310s] Level 5:colcon.colcon_core.verb:set package 'cpp02_rosbag' build argument 'ament_cmake_args' from command line to 'None'
[0.310s] Level 5:colcon.colcon_core.verb:set package 'cpp02_rosbag' build argument 'catkin_cmake_args' from command line to 'None'
[0.310s] Level 5:colcon.colcon_core.verb:set package 'cpp02_rosbag' build argument 'catkin_skip_building_tests' from command line to 'False'
[0.310s] DEBUG:colcon.colcon_core.verb:Building package 'cpp02_rosbag' with the following arguments: {'ament_cmake_args': None, 'build_base': '/home/haixin/ws02_tools/build/cpp02_rosbag', 'catkin_cmake_args': None, 'catkin_skip_building_tests': False, 'cmake_args': None, 'cmake_clean_cache': False, 'cmake_clean_first': False, 'cmake_force_configure': False, 'cmake_target': None, 'cmake_target_skip_unavailable': False, 'install_base': '/home/haixin/ws02_tools/install/cpp02_rosbag', 'merge_install': False, 'path': '/home/haixin/ws02_tools/src/cpp02_rosbag', 'symlink_install': False, 'test_result_base': None}
[0.310s] INFO:colcon.colcon_core.executor:Executing jobs using 'parallel' executor
[0.311s] DEBUG:colcon.colcon_parallel_executor.executor.parallel:run_until_complete
[0.312s] INFO:colcon.colcon_ros.task.ament_cmake.build:Building ROS package in '/home/haixin/ws02_tools/src/cpp02_rosbag' with build type 'ament_cmake'
[0.312s] INFO:colcon.colcon_cmake.task.cmake.build:Building CMake package in '/home/haixin/ws02_tools/src/cpp02_rosbag'
[0.314s] INFO:colcon.colcon_core.plugin_system:Skipping extension 'colcon_core.shell.bat': Not used on non-Windows systems
[0.315s] INFO:colcon.colcon_core.shell:Skip shell extension 'powershell' for command environment: Not usable outside of PowerShell
[0.315s] DEBUG:colcon.colcon_core.shell:Skip shell extension 'dsv' for command environment
[0.330s] DEBUG:colcon.colcon_core.event_handler.log_command:Invoking command in '/home/haixin/ws02_tools/build/cpp02_rosbag': CMAKE_PREFIX_PATH=${CMAKE_PREFIX_PATH}:/opt/ros/jazzy /usr/bin/cmake --build /home/haixin/ws02_tools/build/cpp02_rosbag -- -j4 -l4
[13.675s] DEBUG:colcon.colcon_core.event_handler.log_command:Invoked command in '/home/haixin/ws02_tools/build/cpp02_rosbag' returned '0': CMAKE_PREFIX_PATH=${CMAKE_PREFIX_PATH}:/opt/ros/jazzy /usr/bin/cmake --build /home/haixin/ws02_tools/build/cpp02_rosbag -- -j4 -l4
[13.693s] DEBUG:colcon.colcon_core.event_handler.log_command:Invoking command in '/home/haixin/ws02_tools/build/cpp02_rosbag': CMAKE_PREFIX_PATH=${CMAKE_PREFIX_PATH}:/opt/ros/jazzy /usr/bin/cmake --install /home/haixin/ws02_tools/build/cpp02_rosbag
[13.721s] Level 1:colcon.colcon_core.environment:create_environment_scripts_only(cpp02_rosbag)
[13.721s] DEBUG:colcon.colcon_core.event_handler.log_command:Invoked command in '/home/haixin/ws02_tools/build/cpp02_rosbag' returned '0': CMAKE_PREFIX_PATH=${CMAKE_PREFIX_PATH}:/opt/ros/jazzy /usr/bin/cmake --install /home/haixin/ws02_tools/build/cpp02_rosbag
[13.724s] Level 1:colcon.colcon_core.environment:checking '/home/haixin/ws02_tools/install/cpp02_rosbag' for CMake module files
[13.725s] Level 1:colcon.colcon_core.environment:checking '/home/haixin/ws02_tools/install/cpp02_rosbag' for CMake config files
[13.725s] Level 1:colcon.colcon_core.shell:create_environment_hook('cpp02_rosbag', 'cmake_prefix_path')
[13.725s] INFO:colcon.colcon_core.shell:Creating environment hook '/home/haixin/ws02_tools/install/cpp02_rosbag/share/cpp02_rosbag/hook/cmake_prefix_path.ps1'
[13.726s] INFO:colcon.colcon_core.shell:Creating environment descriptor '/home/haixin/ws02_tools/install/cpp02_rosbag/share/cpp02_rosbag/hook/cmake_prefix_path.dsv'
[13.727s] INFO:colcon.colcon_core.shell:Creating environment hook '/home/haixin/ws02_tools/install/cpp02_rosbag/share/cpp02_rosbag/hook/cmake_prefix_path.sh'
[13.728s] Level 1:colcon.colcon_core.environment:checking '/home/haixin/ws02_tools/install/cpp02_rosbag/lib'
[13.729s] Level 1:colcon.colcon_core.environment:checking '/home/haixin/ws02_tools/install/cpp02_rosbag/bin'
[13.729s] Level 1:colcon.colcon_core.environment:checking '/home/haixin/ws02_tools/install/cpp02_rosbag/lib/pkgconfig/cpp02_rosbag.pc'
[13.729s] Level 1:colcon.colcon_core.environment:checking '/home/haixin/ws02_tools/install/cpp02_rosbag/lib/python3.12/site-packages'
[13.729s] Level 1:colcon.colcon_core.environment:checking '/home/haixin/ws02_tools/install/cpp02_rosbag/bin'
[13.730s] INFO:colcon.colcon_core.shell:Creating package script '/home/haixin/ws02_tools/install/cpp02_rosbag/share/cpp02_rosbag/package.ps1'
[13.731s] INFO:colcon.colcon_core.shell:Creating package descriptor '/home/haixin/ws02_tools/install/cpp02_rosbag/share/cpp02_rosbag/package.dsv'
[13.732s] INFO:colcon.colcon_core.shell:Creating package script '/home/haixin/ws02_tools/install/cpp02_rosbag/share/cpp02_rosbag/package.sh'
[13.733s] INFO:colcon.colcon_core.shell:Creating package script '/home/haixin/ws02_tools/install/cpp02_rosbag/share/cpp02_rosbag/package.bash'
[13.734s] INFO:colcon.colcon_core.shell:Creating package script '/home/haixin/ws02_tools/install/cpp02_rosbag/share/cpp02_rosbag/package.zsh'
[13.736s] Level 1:colcon.colcon_core.environment:create_file_with_runtime_dependencies(/home/haixin/ws02_tools/install/cpp02_rosbag/share/colcon-core/packages/cpp02_rosbag)
[13.737s] Level 1:colcon.colcon_core.environment:create_environment_scripts_only(cpp02_rosbag)
[13.738s] Level 1:colcon.colcon_core.environment:checking '/home/haixin/ws02_tools/install/cpp02_rosbag' for CMake module files
[13.738s] Level 1:colcon.colcon_core.environment:checking '/home/haixin/ws02_tools/install/cpp02_rosbag' for CMake config files
[13.739s] Level 1:colcon.colcon_core.shell:create_environment_hook('cpp02_rosbag', 'cmake_prefix_path')
[13.739s] INFO:colcon.colcon_core.shell:Creating environment hook '/home/haixin/ws02_tools/install/cpp02_rosbag/share/cpp02_rosbag/hook/cmake_prefix_path.ps1'
[13.740s] INFO:colcon.colcon_core.shell:Creating environment descriptor '/home/haixin/ws02_tools/install/cpp02_rosbag/share/cpp02_rosbag/hook/cmake_prefix_path.dsv'
[13.743s] INFO:colcon.colcon_core.shell:Creating environment hook '/home/haixin/ws02_tools/install/cpp02_rosbag/share/cpp02_rosbag/hook/cmake_prefix_path.sh'
[13.744s] Level 1:colcon.colcon_core.environment:checking '/home/haixin/ws02_tools/install/cpp02_rosbag/lib'
[13.745s] Level 1:colcon.colcon_core.environment:checking '/home/haixin/ws02_tools/install/cpp02_rosbag/bin'
[13.745s] Level 1:colcon.colcon_core.environment:checking '/home/haixin/ws02_tools/install/cpp02_rosbag/lib/pkgconfig/cpp02_rosbag.pc'
[13.745s] Level 1:colcon.colcon_core.environment:checking '/home/haixin/ws02_tools/install/cpp02_rosbag/lib/python3.12/site-packages'
[13.745s] Level 1:colcon.colcon_core.environment:checking '/home/haixin/ws02_tools/install/cpp02_rosbag/bin'
[13.746s] INFO:colcon.colcon_core.shell:Creating package script '/home/haixin/ws02_tools/install/cpp02_rosbag/share/cpp02_rosbag/package.ps1'
[13.746s] INFO:colcon.colcon_core.shell:Creating package descriptor '/home/haixin/ws02_tools/install/cpp02_rosbag/share/cpp02_rosbag/package.dsv'
[13.748s] INFO:colcon.colcon_core.shell:Creating package script '/home/haixin/ws02_tools/install/cpp02_rosbag/share/cpp02_rosbag/package.sh'
[13.751s] INFO:colcon.colcon_core.shell:Creating package script '/home/haixin/ws02_tools/install/cpp02_rosbag/share/cpp02_rosbag/package.bash'
[13.752s] INFO:colcon.colcon_core.shell:Creating package script '/home/haixin/ws02_tools/install/cpp02_rosbag/share/cpp02_rosbag/package.zsh'
[13.753s] Level 1:colcon.colcon_core.environment:create_file_with_runtime_dependencies(/home/haixin/ws02_tools/install/cpp02_rosbag/share/colcon-core/packages/cpp02_rosbag)
[13.754s] DEBUG:colcon.colcon_parallel_executor.executor.parallel:closing loop
[13.755s] DEBUG:colcon.colcon_parallel_executor.executor.parallel:loop closed
[13.755s] DEBUG:colcon.colcon_parallel_executor.executor.parallel:run_until_complete finished with '0'
[13.755s] DEBUG:colcon.colcon_core.event_reactor:joining thread
[13.763s] INFO:colcon.colcon_core.plugin_system:Skipping extension 'colcon_notification.desktop_notification.notify_send': Could not find 'notify-send'
[13.764s] INFO:colcon.colcon_core.plugin_system:Skipping extension 'colcon_notification.desktop_notification.terminal_notifier': Not used on non-Darwin systems
[13.764s] INFO:colcon.colcon_core.plugin_system:Skipping extension 'colcon_notification.desktop_notification.win32': Not used on non-Windows systems
[13.764s] INFO:colcon.colcon_notification.desktop_notification:Sending desktop notification using 'notify2'
[13.765s] DEBUG:colcon.colcon_notification.desktop_notification.notify2:Failed to initialize notify2: org.freedesktop.DBus.Error.ServiceUnknown: The name org.freedesktop.Notifications was not provided by any .service files
[13.765s] DEBUG:colcon.colcon_core.event_reactor:joined thread
[13.765s] INFO:colcon.colcon_core.shell:Creating prefix script '/home/haixin/ws02_tools/install/local_setup.ps1'
[13.766s] INFO:colcon.colcon_core.shell:Creating prefix util module '/home/haixin/ws02_tools/install/_local_setup_util_ps1.py'
[13.768s] INFO:colcon.colcon_core.shell:Creating prefix chain script '/home/haixin/ws02_tools/install/setup.ps1'
[13.770s] INFO:colcon.colcon_core.shell:Creating prefix script '/home/haixin/ws02_tools/install/local_setup.sh'
[13.771s] INFO:colcon.colcon_core.shell:Creating prefix util module '/home/haixin/ws02_tools/install/_local_setup_util_sh.py'
[13.771s] INFO:colcon.colcon_core.shell:Creating prefix chain script '/home/haixin/ws02_tools/install/setup.sh'
[13.773s] INFO:colcon.colcon_core.shell:Creating prefix script '/home/haixin/ws02_tools/install/local_setup.bash'
[13.774s] INFO:colcon.colcon_core.shell:Creating prefix chain script '/home/haixin/ws02_tools/install/setup.bash'
[13.776s] INFO:colcon.colcon_core.shell:Creating prefix script '/home/haixin/ws02_tools/install/local_setup.zsh'
[13.777s] INFO:colcon.colcon_core.shell:Creating prefix chain script '/home/haixin/ws02_tools/install/setup.zsh'
